INFO _internal.py: 87  * Running on http://127.0.0.1:5000/ (Press CTRL+C to quit)
WARNING dmeo.py: 9 数据库连接失败
INFO _internal.py: 87 127.0.0.1 - - [18/Nov/2020 20:45:39] "GET /api/v1.0/index HTTP/1.1" 200 -
WARNING dmeo.py: 9 数据库连接失败
INFO _internal.py: 87 127.0.0.1 - - [18/Nov/2020 20:54:37] "GET /api/v1.0/index HTTP/1.1" 200 -
INFO _internal.py: 87 127.0.0.1 - - [18/Nov/2020 20:54:37] "GET /static/html/index.html HTTP/1.1" 200 -
WARNING dmeo.py: 9 数据库连接失败
INFO _internal.py: 87 127.0.0.1 - - [18/Nov/2020 20:54:38] "GET /api/v1.0/index HTTP/1.1" 200 -
INFO _internal.py: 87 127.0.0.1 - - [18/Nov/2020 20:54:47] "GET /static/html/index.html HTTP/1.1" 200 -
INFO _internal.py: 87 127.0.0.1 - - [18/Nov/2020 20:54:47] "GET /static/static/plugins/bootstrap/css/bootstrap.min.css HTTP/1.1" 404 -
INFO _internal.py: 87 127.0.0.1 - - [18/Nov/2020 20:54:47] "GET /static/static/plugins/font-awesome/css/font-awesome.min.css HTTP/1.1" 404 -
INFO _internal.py: 87 127.0.0.1 - - [18/Nov/2020 20:54:47] "GET /static/static/css/reset.css HTTP/1.1" 404 -
INFO _internal.py: 87 127.0.0.1 - - [18/Nov/2020 20:54:47] "GET /static/static/plugins/swiper/css/swiper.min.css HTTP/1.1" 404 -
INFO _internal.py: 87 127.0.0.1 - - [18/Nov/2020 20:54:47] "GET /static/static/plugins/bootstrap-datepicker/css/bootstrap-datepicker.min.css HTTP/1.1" 404 -
INFO _internal.py: 87 127.0.0.1 - - [18/Nov/2020 20:54:47] "GET /static/static/css/ihome/main.css HTTP/1.1" 404 -
INFO _internal.py: 87 127.0.0.1 - - [18/Nov/2020 20:54:47] "GET /static/static/css/ihome/index.css HTTP/1.1" 404 -
INFO _internal.py: 87 127.0.0.1 - - [18/Nov/2020 20:54:47] "GET /static/static/js/jquery.min.js HTTP/1.1" 404 -
INFO _internal.py: 87 127.0.0.1 - - [18/Nov/2020 20:54:47] "GET /static/static/plugins/bootstrap/js/bootstrap.min.js HTTP/1.1" 404 -
INFO _internal.py: 87 127.0.0.1 - - [18/Nov/2020 20:54:47] "GET /static/static/plugins/swiper/js/swiper.jquery.min.js HTTP/1.1" 404 -
INFO _internal.py: 87 127.0.0.1 - - [18/Nov/2020 20:54:47] "GET /static/static/plugins/bootstrap-datepicker/js/bootstrap-datepicker.min.js HTTP/1.1" 404 -
INFO _internal.py: 87 127.0.0.1 - - [18/Nov/2020 20:54:47] "GET /static/static/plugins/bootstrap-datepicker/locales/bootstrap-datepicker.zh-CN.min.js HTTP/1.1" 404 -
INFO _internal.py: 87 127.0.0.1 - - [18/Nov/2020 20:54:47] "GET /static/static/js/template.js HTTP/1.1" 404 -
INFO _internal.py: 87 127.0.0.1 - - [18/Nov/2020 20:54:47] "GET /static/static/js/ihome/index.js HTTP/1.1" 404 -
INFO _internal.py: 87 127.0.0.1 - - [18/Nov/2020 20:54:47] "GET /static/static/images/logo@128x59.png HTTP/1.1" 404 -
INFO _internal.py: 87 127.0.0.1 - - [18/Nov/2020 20:54:47] "GET /static/static/images/home01.jpg HTTP/1.1" 404 -
INFO _internal.py: 87 127.0.0.1 - - [18/Nov/2020 20:54:47] "GET /static/static/images/home02.jpg HTTP/1.1" 404 -
INFO _internal.py: 87 127.0.0.1 - - [18/Nov/2020 20:54:47] "GET /static/static/images/home03.jpg HTTP/1.1" 404 -
INFO _internal.py: 87 127.0.0.1 - - [18/Nov/2020 20:56:16] "GET /static/html/index.html HTTP/1.1" 200 -
INFO _internal.py: 87 127.0.0.1 - - [18/Nov/2020 20:56:16] "GET /static/plugins/bootstrap/css/bootstrap.min.css HTTP/1.1" 200 -
INFO _internal.py: 87 127.0.0.1 - - [18/Nov/2020 20:56:16] "GET /static/plugins/swiper/css/swiper.min.css HTTP/1.1" 200 -
INFO _internal.py: 87 127.0.0.1 - - [18/Nov/2020 20:56:16] "GET /static/css/reset.css HTTP/1.1" 200 -
INFO _internal.py: 87 127.0.0.1 - - [18/Nov/2020 20:56:16] "GET /static/plugins/font-awesome/css/font-awesome.min.css HTTP/1.1" 200 -
INFO _internal.py: 87 127.0.0.1 - - [18/Nov/2020 20:56:16] "GET /static/plugins/bootstrap-datepicker/css/bootstrap-datepicker.min.css HTTP/1.1" 200 -
INFO _internal.py: 87 127.0.0.1 - - [18/Nov/2020 20:56:16] "GET /static/css/ihome/main.css HTTP/1.1" 200 -
INFO _internal.py: 87 127.0.0.1 - - [18/Nov/2020 20:56:16] "GET /static/css/ihome/index.css HTTP/1.1" 200 -
INFO _internal.py: 87 127.0.0.1 - - [18/Nov/2020 20:56:16] "GET /static/js/jquery.min.js HTTP/1.1" 200 -
INFO _internal.py: 87 127.0.0.1 - - [18/Nov/2020 20:56:16] "GET /static/plugins/bootstrap/js/bootstrap.min.js HTTP/1.1" 200 -
INFO _internal.py: 87 127.0.0.1 - - [18/Nov/2020 20:56:16] "GET /static/plugins/swiper/js/swiper.jquery.min.js HTTP/1.1" 200 -
INFO _internal.py: 87 127.0.0.1 - - [18/Nov/2020 20:56:16] "GET /static/plugins/bootstrap-datepicker/js/bootstrap-datepicker.min.js HTTP/1.1" 200 -
INFO _internal.py: 87 127.0.0.1 - - [18/Nov/2020 20:56:16] "GET /static/plugins/bootstrap-datepicker/locales/bootstrap-datepicker.zh-CN.min.js HTTP/1.1" 200 -
INFO _internal.py: 87 127.0.0.1 - - [18/Nov/2020 20:56:16] "GET /static/js/template.js HTTP/1.1" 200 -
INFO _internal.py: 87 127.0.0.1 - - [18/Nov/2020 20:56:16] "GET /static/js/ihome/index.js HTTP/1.1" 200 -
INFO _internal.py: 87 127.0.0.1 - - [18/Nov/2020 20:56:16] "GET /static/plugins/font-awesome/fonts/fontawesome-webfont.woff2?v=4.6.3 HTTP/1.1" 200 -
INFO _internal.py: 87 127.0.0.1 - - [18/Nov/2020 20:56:16] "GET /static/images/logo@128x59.png HTTP/1.1" 200 -
INFO _internal.py: 87 127.0.0.1 - - [18/Nov/2020 20:56:16] "GET /static/images/home01.jpg HTTP/1.1" 200 -
INFO _internal.py: 87 127.0.0.1 - - [18/Nov/2020 20:56:16] "GET /static/images/home02.jpg HTTP/1.1" 200 -
INFO _internal.py: 87 127.0.0.1 - - [18/Nov/2020 20:56:17] "GET /static/images/home03.jpg HTTP/1.1" 200 -
INFO _internal.py: 87 127.0.0.1 - - [18/Nov/2020 20:56:17] "GET /api/v1.0/session HTTP/1.1" 404 -
INFO _internal.py: 87 127.0.0.1 - - [18/Nov/2020 20:56:17] "GET /static/plugins/bootstrap/css/bootstrap.min.css.map HTTP/1.1" 200 -
INFO _internal.py: 87 127.0.0.1 - - [18/Nov/2020 20:56:17] "GET /static/plugins/swiper/js/maps/swiper.jquery.min.js.map HTTP/1.1" 404 -
INFO _internal.py: 87 127.0.0.1 - - [18/Nov/2020 20:57:06] "GET /static/html/index.html HTTP/1.1" 200 -
INFO _internal.py: 87 127.0.0.1 - - [18/Nov/2020 20:57:06] "GET /static/plugins/bootstrap/css/bootstrap.min.css HTTP/1.1" 200 -
INFO _internal.py: 87 127.0.0.1 - - [18/Nov/2020 20:57:06] "GET /static/plugins/font-awesome/css/font-awesome.min.css HTTP/1.1" 200 -
INFO _internal.py: 87 127.0.0.1 - - [18/Nov/2020 20:57:06] "GET /static/css/reset.css HTTP/1.1" 200 -
INFO _internal.py: 87 127.0.0.1 - - [18/Nov/2020 20:57:06] "GET /static/plugins/swiper/css/swiper.min.css HTTP/1.1" 200 -
INFO _internal.py: 87 127.0.0.1 - - [18/Nov/2020 20:57:06] "GET /static/plugins/bootstrap-datepicker/css/bootstrap-datepicker.min.css HTTP/1.1" 200 -
INFO _internal.py: 87 127.0.0.1 - - [18/Nov/2020 20:57:06] "GET /static/css/ihome/main.css HTTP/1.1" 200 -
INFO _internal.py: 87 127.0.0.1 - - [18/Nov/2020 20:57:06] "GET /static/css/ihome/index.css HTTP/1.1" 200 -
INFO _internal.py: 87 127.0.0.1 - - [18/Nov/2020 20:57:06] "GET /static/js/jquery.min.js HTTP/1.1" 200 -
INFO _internal.py: 87 127.0.0.1 - - [18/Nov/2020 20:57:06] "GET /static/plugins/bootstrap/js/bootstrap.min.js HTTP/1.1" 200 -
INFO _internal.py: 87 127.0.0.1 - - [18/Nov/2020 20:57:06] "GET /static/plugins/swiper/js/swiper.jquery.min.js HTTP/1.1" 200 -
INFO _internal.py: 87 127.0.0.1 - - [18/Nov/2020 20:57:06] "GET /static/plugins/bootstrap-datepicker/js/bootstrap-datepicker.min.js HTTP/1.1" 200 -
INFO _internal.py: 87 127.0.0.1 - - [18/Nov/2020 20:57:06] "GET /static/plugins/bootstrap-datepicker/locales/bootstrap-datepicker.zh-CN.min.js HTTP/1.1" 200 -
INFO _internal.py: 87 127.0.0.1 - - [18/Nov/2020 20:57:06] "GET /static/js/template.js HTTP/1.1" 200 -
INFO _internal.py: 87 127.0.0.1 - - [18/Nov/2020 20:57:06] "GET /static/js/ihome/index.js HTTP/1.1" 200 -
INFO _internal.py: 87 127.0.0.1 - - [18/Nov/2020 20:57:06] "GET /static/images/logo@128x59.png HTTP/1.1" 200 -
INFO _internal.py: 87 127.0.0.1 - - [18/Nov/2020 20:57:06] "GET /static/plugins/font-awesome/fonts/fontawesome-webfont.woff2?v=4.6.3 HTTP/1.1" 200 -
INFO _internal.py: 87 127.0.0.1 - - [18/Nov/2020 20:57:06] "GET /static/images/home01.jpg HTTP/1.1" 200 -
INFO _internal.py: 87 127.0.0.1 - - [18/Nov/2020 20:57:06] "GET /static/images/home02.jpg HTTP/1.1" 200 -
INFO _internal.py: 87 127.0.0.1 - - [18/Nov/2020 20:57:06] "GET /static/images/home03.jpg HTTP/1.1" 200 -
INFO _internal.py: 87 127.0.0.1 - - [18/Nov/2020 20:57:06] "GET /api/v1.0/session HTTP/1.1" 404 -
INFO _internal.py: 87 127.0.0.1 - - [18/Nov/2020 20:57:06] "GET /static/plugins/bootstrap/css/bootstrap.min.css.map HTTP/1.1" 200 -
INFO _internal.py: 87 127.0.0.1 - - [18/Nov/2020 20:57:06] "GET /static/plugins/swiper/js/maps/swiper.jquery.min.js.map HTTP/1.1" 404 -
INFO _internal.py: 87 127.0.0.1 - - [18/Nov/2020 20:57:21] "GET /index.html HTTP/1.1" 404 -
INFO _internal.py: 87 127.0.0.1 - - [18/Nov/2020 20:57:33] "GET /login.html HTTP/1.1" 404 -
INFO _internal.py: 87 127.0.0.1 - - [18/Nov/2020 21:13:37] "GET /index.html HTTP/1.1" 404 -
INFO _internal.py: 87 127.0.0.1 - - [18/Nov/2020 21:13:42] "GET /index.html HTTP/1.1" 404 -
INFO _internal.py: 87 127.0.0.1 - - [18/Nov/2020 21:13:42] "GET /index.html HTTP/1.1" 404 -
INFO _internal.py: 87 127.0.0.1 - - [18/Nov/2020 21:13:42] "GET /index.html HTTP/1.1" 404 -
INFO _internal.py: 87 127.0.0.1 - - [18/Nov/2020 21:13:43] "GET /index.html HTTP/1.1" 404 -
INFO _internal.py: 87  * Running on http://127.0.0.1:5000/ (Press CTRL+C to quit)
INFO _internal.py: 87 127.0.0.1 - - [18/Nov/2020 21:13:51] "GET /index.html HTTP/1.1" 200 -
INFO _internal.py: 87 127.0.0.1 - - [18/Nov/2020 21:13:51] "GET /static/plugins/bootstrap/css/bootstrap.min.css HTTP/1.1" 200 -
INFO _internal.py: 87 127.0.0.1 - - [18/Nov/2020 21:13:51] "GET /static/plugins/font-awesome/css/font-awesome.min.css HTTP/1.1" 200 -
INFO _internal.py: 87 127.0.0.1 - - [18/Nov/2020 21:13:51] "GET /static/css/reset.css HTTP/1.1" 200 -
INFO _internal.py: 87 127.0.0.1 - - [18/Nov/2020 21:13:51] "GET /static/plugins/swiper/css/swiper.min.css HTTP/1.1" 200 -
INFO _internal.py: 87 127.0.0.1 - - [18/Nov/2020 21:13:51] "GET /static/plugins/bootstrap-datepicker/css/bootstrap-datepicker.min.css HTTP/1.1" 200 -
INFO _internal.py: 87 127.0.0.1 - - [18/Nov/2020 21:13:51] "GET /static/css/ihome/main.css HTTP/1.1" 200 -
INFO _internal.py: 87 127.0.0.1 - - [18/Nov/2020 21:13:51] "GET /static/css/ihome/index.css HTTP/1.1" 200 -
INFO _internal.py: 87 127.0.0.1 - - [18/Nov/2020 21:13:51] "GET /static/js/jquery.min.js HTTP/1.1" 200 -
INFO _internal.py: 87 127.0.0.1 - - [18/Nov/2020 21:13:51] "GET /static/plugins/bootstrap/js/bootstrap.min.js HTTP/1.1" 200 -
INFO _internal.py: 87 127.0.0.1 - - [18/Nov/2020 21:13:51] "GET /static/plugins/swiper/js/swiper.jquery.min.js HTTP/1.1" 200 -
INFO _internal.py: 87 127.0.0.1 - - [18/Nov/2020 21:13:51] "GET /static/plugins/bootstrap-datepicker/js/bootstrap-datepicker.min.js HTTP/1.1" 200 -
INFO _internal.py: 87 127.0.0.1 - - [18/Nov/2020 21:13:51] "GET /static/plugins/bootstrap-datepicker/locales/bootstrap-datepicker.zh-CN.min.js HTTP/1.1" 200 -
INFO _internal.py: 87 127.0.0.1 - - [18/Nov/2020 21:13:51] "GET /static/js/template.js HTTP/1.1" 200 -
INFO _internal.py: 87 127.0.0.1 - - [18/Nov/2020 21:13:51] "GET /static/js/ihome/index.js HTTP/1.1" 200 -
INFO _internal.py: 87 127.0.0.1 - - [18/Nov/2020 21:13:51] "GET /static/plugins/font-awesome/fonts/fontawesome-webfont.woff2?v=4.6.3 HTTP/1.1" 200 -
INFO _internal.py: 87 127.0.0.1 - - [18/Nov/2020 21:13:51] "GET /static/images/logo@128x59.png HTTP/1.1" 200 -
INFO _internal.py: 87 127.0.0.1 - - [18/Nov/2020 21:13:51] "GET /static/images/home01.jpg HTTP/1.1" 200 -
INFO _internal.py: 87 127.0.0.1 - - [18/Nov/2020 21:13:51] "GET /static/images/home02.jpg HTTP/1.1" 200 -
INFO _internal.py: 87 127.0.0.1 - - [18/Nov/2020 21:13:51] "GET /static/images/home03.jpg HTTP/1.1" 200 -
INFO _internal.py: 87 127.0.0.1 - - [18/Nov/2020 21:13:51] "GET /api/v1.0/session HTTP/1.1" 404 -
INFO _internal.py: 87 127.0.0.1 - - [18/Nov/2020 21:13:51] "GET /static/plugins/bootstrap/css/bootstrap.min.css.map HTTP/1.1" 200 -
INFO _internal.py: 87 127.0.0.1 - - [18/Nov/2020 21:13:51] "GET /static/plugins/swiper/js/maps/swiper.jquery.min.js.map HTTP/1.1" 404 -
INFO _internal.py: 87 127.0.0.1 - - [18/Nov/2020 21:14:13] "GET / HTTP/1.1" 404 -
INFO _internal.py: 87 127.0.0.1 - - [18/Nov/2020 21:15:01] "GET / HTTP/1.1" 404 -
INFO _internal.py: 87  * Running on http://127.0.0.1:5000/ (Press CTRL+C to quit)
INFO _internal.py: 87 127.0.0.1 - - [18/Nov/2020 21:15:06] "GET / HTTP/1.1" 200 -
INFO _internal.py: 87 127.0.0.1 - - [18/Nov/2020 21:15:06] "GET /static/plugins/bootstrap/css/bootstrap.min.css HTTP/1.1" 200 -
INFO _internal.py: 87 127.0.0.1 - - [18/Nov/2020 21:15:06] "GET /static/plugins/font-awesome/css/font-awesome.min.css HTTP/1.1" 200 -
INFO _internal.py: 87 127.0.0.1 - - [18/Nov/2020 21:15:06] "GET /static/css/reset.css HTTP/1.1" 200 -
INFO _internal.py: 87 127.0.0.1 - - [18/Nov/2020 21:15:06] "GET /static/plugins/swiper/css/swiper.min.css HTTP/1.1" 200 -
INFO _internal.py: 87 127.0.0.1 - - [18/Nov/2020 21:15:06] "GET /static/plugins/bootstrap-datepicker/css/bootstrap-datepicker.min.css HTTP/1.1" 200 -
INFO _internal.py: 87 127.0.0.1 - - [18/Nov/2020 21:15:06] "GET /static/css/ihome/main.css HTTP/1.1" 200 -
INFO _internal.py: 87 127.0.0.1 - - [18/Nov/2020 21:15:06] "GET /static/css/ihome/index.css HTTP/1.1" 200 -
INFO _internal.py: 87 127.0.0.1 - - [18/Nov/2020 21:15:06] "GET /static/js/jquery.min.js HTTP/1.1" 200 -
INFO _internal.py: 87 127.0.0.1 - - [18/Nov/2020 21:15:06] "GET /static/plugins/bootstrap/js/bootstrap.min.js HTTP/1.1" 200 -
INFO _internal.py: 87 127.0.0.1 - - [18/Nov/2020 21:15:06] "GET /static/plugins/swiper/js/swiper.jquery.min.js HTTP/1.1" 200 -
INFO _internal.py: 87 127.0.0.1 - - [18/Nov/2020 21:15:06] "GET /static/plugins/bootstrap-datepicker/js/bootstrap-datepicker.min.js HTTP/1.1" 200 -
INFO _internal.py: 87 127.0.0.1 - - [18/Nov/2020 21:15:06] "GET /static/plugins/bootstrap-datepicker/locales/bootstrap-datepicker.zh-CN.min.js HTTP/1.1" 200 -
INFO _internal.py: 87 127.0.0.1 - - [18/Nov/2020 21:15:06] "GET /static/js/template.js HTTP/1.1" 200 -
INFO _internal.py: 87 127.0.0.1 - - [18/Nov/2020 21:15:06] "GET /static/js/ihome/index.js HTTP/1.1" 200 -
INFO _internal.py: 87 127.0.0.1 - - [18/Nov/2020 21:15:06] "GET /static/plugins/font-awesome/fonts/fontawesome-webfont.woff2?v=4.6.3 HTTP/1.1" 200 -
INFO _internal.py: 87 127.0.0.1 - - [18/Nov/2020 21:15:06] "GET /static/images/home01.jpg HTTP/1.1" 200 -
INFO _internal.py: 87 127.0.0.1 - - [18/Nov/2020 21:15:06] "GET /static/images/logo@128x59.png HTTP/1.1" 200 -
INFO _internal.py: 87 127.0.0.1 - - [18/Nov/2020 21:15:06] "GET /static/images/home02.jpg HTTP/1.1" 200 -
INFO _internal.py: 87 127.0.0.1 - - [18/Nov/2020 21:15:06] "GET /static/images/home03.jpg HTTP/1.1" 200 -
INFO _internal.py: 87 127.0.0.1 - - [18/Nov/2020 21:15:06] "GET /api/v1.0/session HTTP/1.1" 404 -
INFO _internal.py: 87 127.0.0.1 - - [18/Nov/2020 21:15:06] "GET /static/plugins/bootstrap/css/bootstrap.min.css.map HTTP/1.1" 200 -
INFO _internal.py: 87 127.0.0.1 - - [18/Nov/2020 21:15:06] "GET /static/plugins/swiper/js/maps/swiper.jquery.min.js.map HTTP/1.1" 404 -
INFO _internal.py: 87 127.0.0.1 - - [18/Nov/2020 21:15:20] "GET / HTTP/1.1" 200 -
INFO _internal.py: 87 127.0.0.1 - - [18/Nov/2020 21:15:20] "GET /login.html HTTP/1.1" 200 -
INFO _internal.py: 87 127.0.0.1 - - [18/Nov/2020 21:15:20] "GET /static/plugins/bootstrap/css/bootstrap.min.css HTTP/1.1" 200 -
INFO _internal.py: 87 127.0.0.1 - - [18/Nov/2020 21:15:20] "GET /static/plugins/font-awesome/css/font-awesome.min.css HTTP/1.1" 200 -
INFO _internal.py: 87 127.0.0.1 - - [18/Nov/2020 21:15:20] "GET /static/css/reset.css HTTP/1.1" 200 -
INFO _internal.py: 87 127.0.0.1 - - [18/Nov/2020 21:15:20] "GET /static/plugins/swiper/css/swiper.min.css HTTP/1.1" 200 -
INFO _internal.py: 87 127.0.0.1 - - [18/Nov/2020 21:15:20] "GET /static/plugins/bootstrap-datepicker/css/bootstrap-datepicker.min.css HTTP/1.1" 200 -
INFO _internal.py: 87 127.0.0.1 - - [18/Nov/2020 21:15:20] "GET /static/css/ihome/main.css HTTP/1.1" 200 -
INFO _internal.py: 87 127.0.0.1 - - [18/Nov/2020 21:15:20] "GET /static/css/ihome/index.css HTTP/1.1" 200 -
INFO _internal.py: 87 127.0.0.1 - - [18/Nov/2020 21:15:20] "GET /static/js/jquery.min.js HTTP/1.1" 200 -
INFO _internal.py: 87 127.0.0.1 - - [18/Nov/2020 21:15:20] "GET /static/plugins/bootstrap/js/bootstrap.min.js HTTP/1.1" 200 -
INFO _internal.py: 87 127.0.0.1 - - [18/Nov/2020 21:15:20] "GET /static/plugins/swiper/js/swiper.jquery.min.js HTTP/1.1" 200 -
INFO _internal.py: 87 127.0.0.1 - - [18/Nov/2020 21:15:20] "GET /static/plugins/bootstrap-datepicker/js/bootstrap-datepicker.min.js HTTP/1.1" 200 -
INFO _internal.py: 87 127.0.0.1 - - [18/Nov/2020 21:15:20] "GET /static/plugins/bootstrap-datepicker/locales/bootstrap-datepicker.zh-CN.min.js HTTP/1.1" 200 -
INFO _internal.py: 87 127.0.0.1 - - [18/Nov/2020 21:15:20] "GET /static/js/template.js HTTP/1.1" 200 -
INFO _internal.py: 87 127.0.0.1 - - [18/Nov/2020 21:15:20] "GET /static/js/ihome/index.js HTTP/1.1" 200 -
INFO _internal.py: 87 127.0.0.1 - - [18/Nov/2020 21:15:20] "GET /static/images/logo@128x59.png HTTP/1.1" 200 -
INFO _internal.py: 87 127.0.0.1 - - [18/Nov/2020 21:15:20] "GET /static/plugins/font-awesome/fonts/fontawesome-webfont.woff2?v=4.6.3 HTTP/1.1" 200 -
INFO _internal.py: 87 127.0.0.1 - - [18/Nov/2020 21:15:20] "GET /static/images/home01.jpg HTTP/1.1" 200 -
INFO _internal.py: 87 127.0.0.1 - - [18/Nov/2020 21:15:20] "GET /static/images/home02.jpg HTTP/1.1" 200 -
INFO _internal.py: 87 127.0.0.1 - - [18/Nov/2020 21:15:20] "GET /static/images/home03.jpg HTTP/1.1" 200 -
INFO _internal.py: 87 127.0.0.1 - - [18/Nov/2020 21:15:20] "GET /api/v1.0/session HTTP/1.1" 404 -
INFO _internal.py: 87 127.0.0.1 - - [18/Nov/2020 21:15:20] "GET /static/plugins/bootstrap/css/bootstrap.min.css.map HTTP/1.1" 200 -
INFO _internal.py: 87 127.0.0.1 - - [18/Nov/2020 21:15:20] "GET /static/plugins/swiper/js/maps/swiper.jquery.min.js.map HTTP/1.1" 404 -
INFO _internal.py: 87 127.0.0.1 - - [18/Nov/2020 21:15:24] "GET /login.html HTTP/1.1" 200 -
INFO _internal.py: 87 127.0.0.1 - - [18/Nov/2020 21:15:24] "GET /static/plugins/bootstrap/css/bootstrap.min.css HTTP/1.1" 200 -
INFO _internal.py: 87 127.0.0.1 - - [18/Nov/2020 21:15:24] "GET /static/plugins/font-awesome/css/font-awesome.min.css HTTP/1.1" 200 -
INFO _internal.py: 87 127.0.0.1 - - [18/Nov/2020 21:15:24] "GET /static/css/reset.css HTTP/1.1" 200 -
INFO _internal.py: 87 127.0.0.1 - - [18/Nov/2020 21:15:24] "GET /static/css/ihome/main.css HTTP/1.1" 200 -
INFO _internal.py: 87 127.0.0.1 - - [18/Nov/2020 21:15:24] "GET /static/css/ihome/login.css HTTP/1.1" 200 -
INFO _internal.py: 87 127.0.0.1 - - [18/Nov/2020 21:15:24] "GET /static/js/jquery.min.js HTTP/1.1" 200 -
INFO _internal.py: 87 127.0.0.1 - - [18/Nov/2020 21:15:24] "GET /static/plugins/bootstrap/js/bootstrap.min.js HTTP/1.1" 200 -
INFO _internal.py: 87 127.0.0.1 - - [18/Nov/2020 21:15:24] "GET /static/js/ihome/login.js HTTP/1.1" 200 -
INFO _internal.py: 87 127.0.0.1 - - [18/Nov/2020 21:15:24] "GET /static/images/logo@128x59.png HTTP/1.1" 200 -
INFO _internal.py: 87 127.0.0.1 - - [18/Nov/2020 21:15:24] "GET /static/plugins/font-awesome/fonts/fontawesome-webfont.woff2?v=4.6.3 HTTP/1.1" 200 -
INFO _internal.py: 87 127.0.0.1 - - [18/Nov/2020 21:15:24] "GET /static/plugins/bootstrap/css/bootstrap.min.css.map HTTP/1.1" 200 -
INFO _internal.py: 87  * Running on http://127.0.0.1:5000/ (Press CTRL+C to quit)
INFO _internal.py: 87 127.0.0.1 - - [18/Nov/2020 21:16:41] "GET /login.html HTTP/1.1" 200 -
INFO _internal.py: 87 127.0.0.1 - - [18/Nov/2020 21:16:41] "GET /static/plugins/bootstrap/css/bootstrap.min.css HTTP/1.1" 200 -
INFO _internal.py: 87 127.0.0.1 - - [18/Nov/2020 21:16:41] "GET /static/plugins/font-awesome/css/font-awesome.min.css HTTP/1.1" 200 -
INFO _internal.py: 87 127.0.0.1 - - [18/Nov/2020 21:16:41] "GET /static/css/reset.css HTTP/1.1" 200 -
INFO _internal.py: 87 127.0.0.1 - - [18/Nov/2020 21:16:41] "GET /static/css/ihome/main.css HTTP/1.1" 200 -
INFO _internal.py: 87 127.0.0.1 - - [18/Nov/2020 21:16:41] "GET /static/css/ihome/login.css HTTP/1.1" 200 -
INFO _internal.py: 87 127.0.0.1 - - [18/Nov/2020 21:16:41] "GET /static/js/jquery.min.js HTTP/1.1" 200 -
INFO _internal.py: 87 127.0.0.1 - - [18/Nov/2020 21:16:41] "GET /static/plugins/bootstrap/js/bootstrap.min.js HTTP/1.1" 200 -
INFO _internal.py: 87 127.0.0.1 - - [18/Nov/2020 21:16:41] "GET /static/js/ihome/login.js HTTP/1.1" 200 -
INFO _internal.py: 87 127.0.0.1 - - [18/Nov/2020 21:16:42] "GET /static/images/logo@128x59.png HTTP/1.1" 200 -
INFO _internal.py: 87 127.0.0.1 - - [18/Nov/2020 21:16:42] "GET /static/plugins/font-awesome/fonts/fontawesome-webfont.woff2?v=4.6.3 HTTP/1.1" 200 -
INFO _internal.py: 87 127.0.0.1 - - [18/Nov/2020 21:16:42] "GET /static/plugins/bootstrap/css/bootstrap.min.css.map HTTP/1.1" 200 -
INFO _internal.py: 87 127.0.0.1 - - [18/Nov/2020 21:16:42] "GET /login.html HTTP/1.1" 200 -
INFO _internal.py: 87 127.0.0.1 - - [18/Nov/2020 21:16:42] "GET /static/plugins/bootstrap/css/bootstrap.min.css HTTP/1.1" 200 -
INFO _internal.py: 87 127.0.0.1 - - [18/Nov/2020 21:16:42] "GET /static/plugins/font-awesome/css/font-awesome.min.css HTTP/1.1" 200 -
INFO _internal.py: 87 127.0.0.1 - - [18/Nov/2020 21:16:42] "GET /static/css/reset.css HTTP/1.1" 200 -
INFO _internal.py: 87 127.0.0.1 - - [18/Nov/2020 21:16:42] "GET /static/css/ihome/main.css HTTP/1.1" 200 -
INFO _internal.py: 87 127.0.0.1 - - [18/Nov/2020 21:16:42] "GET /static/css/ihome/login.css HTTP/1.1" 200 -
INFO _internal.py: 87 127.0.0.1 - - [18/Nov/2020 21:16:42] "GET /static/js/jquery.min.js HTTP/1.1" 200 -
INFO _internal.py: 87 127.0.0.1 - - [18/Nov/2020 21:16:42] "GET /static/plugins/bootstrap/js/bootstrap.min.js HTTP/1.1" 200 -
INFO _internal.py: 87 127.0.0.1 - - [18/Nov/2020 21:16:42] "GET /static/js/ihome/login.js HTTP/1.1" 200 -
INFO _internal.py: 87 127.0.0.1 - - [18/Nov/2020 21:16:42] "GET /static/images/logo@128x59.png HTTP/1.1" 200 -
INFO _internal.py: 87 127.0.0.1 - - [18/Nov/2020 21:16:42] "GET /static/plugins/font-awesome/fonts/fontawesome-webfont.woff2?v=4.6.3 HTTP/1.1" 200 -
INFO _internal.py: 87 127.0.0.1 - - [18/Nov/2020 21:16:42] "GET /static/plugins/bootstrap/css/bootstrap.min.css.map HTTP/1.1" 200 -
INFO _internal.py: 87 127.0.0.1 - - [18/Nov/2020 21:16:42] "GET /login.html HTTP/1.1" 200 -
INFO _internal.py: 87 127.0.0.1 - - [18/Nov/2020 21:16:43] "GET /static/plugins/bootstrap/css/bootstrap.min.css HTTP/1.1" 200 -
INFO _internal.py: 87 127.0.0.1 - - [18/Nov/2020 21:16:43] "GET /static/plugins/font-awesome/css/font-awesome.min.css HTTP/1.1" 200 -
INFO _internal.py: 87 127.0.0.1 - - [18/Nov/2020 21:16:43] "GET /static/css/reset.css HTTP/1.1" 200 -
INFO _internal.py: 87 127.0.0.1 - - [18/Nov/2020 21:16:43] "GET /static/css/ihome/main.css HTTP/1.1" 200 -
INFO _internal.py: 87 127.0.0.1 - - [18/Nov/2020 21:16:43] "GET /static/css/ihome/login.css HTTP/1.1" 200 -
INFO _internal.py: 87 127.0.0.1 - - [18/Nov/2020 21:16:43] "GET /static/js/jquery.min.js HTTP/1.1" 200 -
INFO _internal.py: 87 127.0.0.1 - - [18/Nov/2020 21:16:43] "GET /static/plugins/bootstrap/js/bootstrap.min.js HTTP/1.1" 200 -
INFO _internal.py: 87 127.0.0.1 - - [18/Nov/2020 21:16:43] "GET /static/js/ihome/login.js HTTP/1.1" 200 -
INFO _internal.py: 87 127.0.0.1 - - [18/Nov/2020 21:16:43] "GET /static/images/logo@128x59.png HTTP/1.1" 200 -
INFO _internal.py: 87 127.0.0.1 - - [18/Nov/2020 21:16:43] "GET /static/plugins/font-awesome/fonts/fontawesome-webfont.woff2?v=4.6.3 HTTP/1.1" 200 -
INFO _internal.py: 87 127.0.0.1 - - [18/Nov/2020 21:16:43] "GET /static/plugins/bootstrap/css/bootstrap.min.css.map HTTP/1.1" 200 -
INFO _internal.py: 87 127.0.0.1 - - [18/Nov/2020 21:16:43] "GET /login.html HTTP/1.1" 200 -
INFO _internal.py: 87 127.0.0.1 - - [18/Nov/2020 21:16:43] "GET /static/plugins/bootstrap/css/bootstrap.min.css HTTP/1.1" 200 -
INFO _internal.py: 87 127.0.0.1 - - [18/Nov/2020 21:16:43] "GET /static/plugins/font-awesome/css/font-awesome.min.css HTTP/1.1" 200 -
INFO _internal.py: 87 127.0.0.1 - - [18/Nov/2020 21:16:43] "GET /static/css/reset.css HTTP/1.1" 200 -
INFO _internal.py: 87 127.0.0.1 - - [18/Nov/2020 21:16:43] "GET /static/css/ihome/main.css HTTP/1.1" 200 -
INFO _internal.py: 87 127.0.0.1 - - [18/Nov/2020 21:16:43] "GET /static/css/ihome/login.css HTTP/1.1" 200 -
INFO _internal.py: 87 127.0.0.1 - - [18/Nov/2020 21:16:43] "GET /static/js/jquery.min.js HTTP/1.1" 200 -
INFO _internal.py: 87 127.0.0.1 - - [18/Nov/2020 21:16:43] "GET /static/plugins/bootstrap/js/bootstrap.min.js HTTP/1.1" 200 -
INFO _internal.py: 87 127.0.0.1 - - [18/Nov/2020 21:16:43] "GET /static/js/ihome/login.js HTTP/1.1" 200 -
INFO _internal.py: 87 127.0.0.1 - - [18/Nov/2020 21:16:43] "GET /static/images/logo@128x59.png HTTP/1.1" 200 -
INFO _internal.py: 87 127.0.0.1 - - [18/Nov/2020 21:16:43] "GET /static/plugins/font-awesome/fonts/fontawesome-webfont.woff2?v=4.6.3 HTTP/1.1" 200 -
INFO _internal.py: 87 127.0.0.1 - - [18/Nov/2020 21:16:43] "GET /static/plugins/bootstrap/css/bootstrap.min.css.map HTTP/1.1" 200 -
INFO _internal.py: 87 127.0.0.1 - - [18/Nov/2020 21:16:43] "GET /login.html HTTP/1.1" 200 -
INFO _internal.py: 87 127.0.0.1 - - [18/Nov/2020 21:16:43] "GET /static/plugins/bootstrap/css/bootstrap.min.css HTTP/1.1" 200 -
INFO _internal.py: 87 127.0.0.1 - - [18/Nov/2020 21:16:43] "GET /static/plugins/font-awesome/css/font-awesome.min.css HTTP/1.1" 200 -
INFO _internal.py: 87 127.0.0.1 - - [18/Nov/2020 21:16:43] "GET /static/css/reset.css HTTP/1.1" 200 -
INFO _internal.py: 87 127.0.0.1 - - [18/Nov/2020 21:16:43] "GET /static/css/ihome/main.css HTTP/1.1" 200 -
INFO _internal.py: 87 127.0.0.1 - - [18/Nov/2020 21:16:43] "GET /static/css/ihome/login.css HTTP/1.1" 200 -
INFO _internal.py: 87 127.0.0.1 - - [18/Nov/2020 21:16:43] "GET /static/js/jquery.min.js HTTP/1.1" 200 -
INFO _internal.py: 87 127.0.0.1 - - [18/Nov/2020 21:16:43] "GET /static/plugins/bootstrap/js/bootstrap.min.js HTTP/1.1" 200 -
INFO _internal.py: 87 127.0.0.1 - - [18/Nov/2020 21:16:43] "GET /static/js/ihome/login.js HTTP/1.1" 200 -
INFO _internal.py: 87 127.0.0.1 - - [18/Nov/2020 21:16:43] "GET /static/images/logo@128x59.png HTTP/1.1" 200 -
INFO _internal.py: 87 127.0.0.1 - - [18/Nov/2020 21:16:43] "GET /static/plugins/font-awesome/fonts/fontawesome-webfont.woff2?v=4.6.3 HTTP/1.1" 200 -
INFO _internal.py: 87 127.0.0.1 - - [18/Nov/2020 21:16:43] "GET /static/plugins/bootstrap/css/bootstrap.min.css.map HTTP/1.1" 200 -
INFO _internal.py: 87 127.0.0.1 - - [18/Nov/2020 21:16:43] "GET /login.html HTTP/1.1" 200 -
INFO _internal.py: 87 127.0.0.1 - - [18/Nov/2020 21:16:43] "GET /static/plugins/bootstrap/css/bootstrap.min.css HTTP/1.1" 200 -
INFO _internal.py: 87 127.0.0.1 - - [18/Nov/2020 21:16:43] "GET /static/plugins/font-awesome/css/font-awesome.min.css HTTP/1.1" 200 -
INFO _internal.py: 87 127.0.0.1 - - [18/Nov/2020 21:16:43] "GET /static/css/reset.css HTTP/1.1" 200 -
INFO _internal.py: 87 127.0.0.1 - - [18/Nov/2020 21:16:43] "GET /static/css/ihome/main.css HTTP/1.1" 200 -
INFO _internal.py: 87 127.0.0.1 - - [18/Nov/2020 21:16:43] "GET /static/css/ihome/login.css HTTP/1.1" 200 -
INFO _internal.py: 87 127.0.0.1 - - [18/Nov/2020 21:16:43] "GET /static/js/jquery.min.js HTTP/1.1" 200 -
INFO _internal.py: 87 127.0.0.1 - - [18/Nov/2020 21:16:43] "GET /static/plugins/bootstrap/js/bootstrap.min.js HTTP/1.1" 200 -
INFO _internal.py: 87 127.0.0.1 - - [18/Nov/2020 21:16:43] "GET /static/js/ihome/login.js HTTP/1.1" 200 -
INFO _internal.py: 87 127.0.0.1 - - [18/Nov/2020 21:16:43] "GET /static/images/logo@128x59.png HTTP/1.1" 200 -
INFO _internal.py: 87 127.0.0.1 - - [18/Nov/2020 21:16:43] "GET /static/plugins/font-awesome/fonts/fontawesome-webfont.woff2?v=4.6.3 HTTP/1.1" 200 -
INFO _internal.py: 87 127.0.0.1 - - [18/Nov/2020 21:16:43] "GET /static/plugins/bootstrap/css/bootstrap.min.css.map HTTP/1.1" 200 -
INFO _internal.py: 87 127.0.0.1 - - [18/Nov/2020 21:16:48] "GET /index.html HTTP/1.1" 200 -
INFO _internal.py: 87 127.0.0.1 - - [18/Nov/2020 21:16:48] "GET /static/plugins/bootstrap/css/bootstrap.min.css HTTP/1.1" 200 -
INFO _internal.py: 87 127.0.0.1 - - [18/Nov/2020 21:16:48] "GET /static/plugins/font-awesome/css/font-awesome.min.css HTTP/1.1" 200 -
INFO _internal.py: 87 127.0.0.1 - - [18/Nov/2020 21:16:48] "GET /static/css/reset.css HTTP/1.1" 200 -
INFO _internal.py: 87 127.0.0.1 - - [18/Nov/2020 21:16:48] "GET /static/plugins/swiper/css/swiper.min.css HTTP/1.1" 200 -
INFO _internal.py: 87 127.0.0.1 - - [18/Nov/2020 21:16:48] "GET /static/plugins/bootstrap-datepicker/css/bootstrap-datepicker.min.css HTTP/1.1" 200 -
INFO _internal.py: 87 127.0.0.1 - - [18/Nov/2020 21:16:48] "GET /static/css/ihome/main.css HTTP/1.1" 200 -
INFO _internal.py: 87 127.0.0.1 - - [18/Nov/2020 21:16:48] "GET /static/css/ihome/index.css HTTP/1.1" 200 -
INFO _internal.py: 87 127.0.0.1 - - [18/Nov/2020 21:16:48] "GET /static/js/jquery.min.js HTTP/1.1" 200 -
INFO _internal.py: 87 127.0.0.1 - - [18/Nov/2020 21:16:48] "GET /static/plugins/bootstrap/js/bootstrap.min.js HTTP/1.1" 200 -
INFO _internal.py: 87 127.0.0.1 - - [18/Nov/2020 21:16:48] "GET /static/plugins/swiper/js/swiper.jquery.min.js HTTP/1.1" 200 -
INFO _internal.py: 87 127.0.0.1 - - [18/Nov/2020 21:16:48] "GET /static/plugins/bootstrap-datepicker/js/bootstrap-datepicker.min.js HTTP/1.1" 200 -
INFO _internal.py: 87 127.0.0.1 - - [18/Nov/2020 21:16:48] "GET /static/plugins/bootstrap-datepicker/locales/bootstrap-datepicker.zh-CN.min.js HTTP/1.1" 200 -
INFO _internal.py: 87 127.0.0.1 - - [18/Nov/2020 21:16:48] "GET /static/js/template.js HTTP/1.1" 200 -
INFO _internal.py: 87 127.0.0.1 - - [18/Nov/2020 21:16:48] "GET /static/js/ihome/index.js HTTP/1.1" 200 -
INFO _internal.py: 87 127.0.0.1 - - [18/Nov/2020 21:16:48] "GET /static/plugins/font-awesome/fonts/fontawesome-webfont.woff2?v=4.6.3 HTTP/1.1" 200 -
INFO _internal.py: 87 127.0.0.1 - - [18/Nov/2020 21:16:48] "GET /static/images/logo@128x59.png HTTP/1.1" 200 -
INFO _internal.py: 87 127.0.0.1 - - [18/Nov/2020 21:16:48] "GET /static/images/home01.jpg HTTP/1.1" 200 -
INFO _internal.py: 87 127.0.0.1 - - [18/Nov/2020 21:16:48] "GET /static/images/home02.jpg HTTP/1.1" 200 -
INFO _internal.py: 87 127.0.0.1 - - [18/Nov/2020 21:16:48] "GET /static/images/home03.jpg HTTP/1.1" 200 -
INFO _internal.py: 87 127.0.0.1 - - [18/Nov/2020 21:16:48] "GET /api/v1.0/session HTTP/1.1" 404 -
INFO _internal.py: 87 127.0.0.1 - - [18/Nov/2020 21:16:48] "GET /static/plugins/bootstrap/css/bootstrap.min.css.map HTTP/1.1" 200 -
INFO _internal.py: 87 127.0.0.1 - - [18/Nov/2020 21:16:48] "GET /static/plugins/swiper/js/maps/swiper.jquery.min.js.map HTTP/1.1" 404 -
INFO _internal.py: 87 127.0.0.1 - - [18/Nov/2020 21:16:57] "GET /index.html HTTP/1.1" 200 -
INFO _internal.py: 87 127.0.0.1 - - [18/Nov/2020 21:16:57] "GET /static/plugins/bootstrap/css/bootstrap.min.css HTTP/1.1" 200 -
INFO _internal.py: 87 127.0.0.1 - - [18/Nov/2020 21:16:57] "GET /static/plugins/font-awesome/css/font-awesome.min.css HTTP/1.1" 200 -
INFO _internal.py: 87 127.0.0.1 - - [18/Nov/2020 21:16:57] "GET /static/css/reset.css HTTP/1.1" 200 -
INFO _internal.py: 87 127.0.0.1 - - [18/Nov/2020 21:16:57] "GET /static/plugins/swiper/css/swiper.min.css HTTP/1.1" 200 -
INFO _internal.py: 87 127.0.0.1 - - [18/Nov/2020 21:16:57] "GET /static/plugins/bootstrap-datepicker/css/bootstrap-datepicker.min.css HTTP/1.1" 200 -
INFO _internal.py: 87 127.0.0.1 - - [18/Nov/2020 21:16:57] "GET /static/css/ihome/main.css HTTP/1.1" 200 -
INFO _internal.py: 87 127.0.0.1 - - [18/Nov/2020 21:16:57] "GET /static/css/ihome/index.css HTTP/1.1" 200 -
INFO _internal.py: 87 127.0.0.1 - - [18/Nov/2020 21:16:57] "GET /static/js/jquery.min.js HTTP/1.1" 200 -
INFO _internal.py: 87 127.0.0.1 - - [18/Nov/2020 21:16:57] "GET /static/plugins/bootstrap/js/bootstrap.min.js HTTP/1.1" 200 -
INFO _internal.py: 87 127.0.0.1 - - [18/Nov/2020 21:16:57] "GET /static/plugins/swiper/js/swiper.jquery.min.js HTTP/1.1" 200 -
INFO _internal.py: 87 127.0.0.1 - - [18/Nov/2020 21:16:57] "GET /static/plugins/bootstrap-datepicker/js/bootstrap-datepicker.min.js HTTP/1.1" 200 -
INFO _internal.py: 87 127.0.0.1 - - [18/Nov/2020 21:16:57] "GET /static/plugins/bootstrap-datepicker/locales/bootstrap-datepicker.zh-CN.min.js HTTP/1.1" 200 -
INFO _internal.py: 87 127.0.0.1 - - [18/Nov/2020 21:16:57] "GET /static/js/template.js HTTP/1.1" 200 -
INFO _internal.py: 87 127.0.0.1 - - [18/Nov/2020 21:16:57] "GET /static/js/ihome/index.js HTTP/1.1" 200 -
INFO _internal.py: 87 127.0.0.1 - - [18/Nov/2020 21:16:57] "GET /static/images/logo@128x59.png HTTP/1.1" 200 -
INFO _internal.py: 87 127.0.0.1 - - [18/Nov/2020 21:16:57] "GET /static/plugins/font-awesome/fonts/fontawesome-webfont.woff2?v=4.6.3 HTTP/1.1" 200 -
INFO _internal.py: 87 127.0.0.1 - - [18/Nov/2020 21:16:57] "GET /static/images/home01.jpg HTTP/1.1" 200 -
INFO _internal.py: 87 127.0.0.1 - - [18/Nov/2020 21:16:57] "GET /static/images/home02.jpg HTTP/1.1" 200 -
INFO _internal.py: 87 127.0.0.1 - - [18/Nov/2020 21:16:57] "GET /static/images/home03.jpg HTTP/1.1" 200 -
INFO _internal.py: 87 127.0.0.1 - - [18/Nov/2020 21:16:57] "GET /api/v1.0/session HTTP/1.1" 404 -
INFO _internal.py: 87 127.0.0.1 - - [18/Nov/2020 21:16:57] "GET /static/plugins/bootstrap/css/bootstrap.min.css.map HTTP/1.1" 200 -
INFO _internal.py: 87 127.0.0.1 - - [18/Nov/2020 21:16:57] "GET /static/plugins/swiper/js/maps/swiper.jquery.min.js.map HTTP/1.1" 404 -
INFO _internal.py: 87  * Running on http://127.0.0.1:5000/ (Press CTRL+C to quit)
INFO _internal.py: 87 127.0.0.1 - - [18/Nov/2020 21:17:58] "GET /index.html HTTP/1.1" 200 -
INFO _internal.py: 87 127.0.0.1 - - [18/Nov/2020 21:17:58] "GET /static/plugins/bootstrap/css/bootstrap.min.css HTTP/1.1" 200 -
INFO _internal.py: 87 127.0.0.1 - - [18/Nov/2020 21:17:58] "GET /static/plugins/font-awesome/css/font-awesome.min.css HTTP/1.1" 200 -
INFO _internal.py: 87 127.0.0.1 - - [18/Nov/2020 21:17:58] "GET /static/css/reset.css HTTP/1.1" 200 -
INFO _internal.py: 87 127.0.0.1 - - [18/Nov/2020 21:17:58] "GET /static/plugins/swiper/css/swiper.min.css HTTP/1.1" 200 -
INFO _internal.py: 87 127.0.0.1 - - [18/Nov/2020 21:17:58] "GET /static/plugins/bootstrap-datepicker/css/bootstrap-datepicker.min.css HTTP/1.1" 200 -
INFO _internal.py: 87 127.0.0.1 - - [18/Nov/2020 21:17:58] "GET /static/css/ihome/main.css HTTP/1.1" 200 -
INFO _internal.py: 87 127.0.0.1 - - [18/Nov/2020 21:17:58] "GET /static/css/ihome/index.css HTTP/1.1" 200 -
INFO _internal.py: 87 127.0.0.1 - - [18/Nov/2020 21:17:58] "GET /static/js/jquery.min.js HTTP/1.1" 200 -
INFO _internal.py: 87 127.0.0.1 - - [18/Nov/2020 21:17:58] "GET /static/plugins/bootstrap/js/bootstrap.min.js HTTP/1.1" 200 -
INFO _internal.py: 87 127.0.0.1 - - [18/Nov/2020 21:17:58] "GET /static/plugins/swiper/js/swiper.jquery.min.js HTTP/1.1" 200 -
INFO _internal.py: 87 127.0.0.1 - - [18/Nov/2020 21:17:58] "GET /static/plugins/bootstrap-datepicker/js/bootstrap-datepicker.min.js HTTP/1.1" 200 -
INFO _internal.py: 87 127.0.0.1 - - [18/Nov/2020 21:17:58] "GET /static/plugins/bootstrap-datepicker/locales/bootstrap-datepicker.zh-CN.min.js HTTP/1.1" 200 -
INFO _internal.py: 87 127.0.0.1 - - [18/Nov/2020 21:17:58] "GET /static/js/template.js HTTP/1.1" 200 -
INFO _internal.py: 87 127.0.0.1 - - [18/Nov/2020 21:17:58] "GET /static/js/ihome/index.js HTTP/1.1" 200 -
INFO _internal.py: 87 127.0.0.1 - - [18/Nov/2020 21:17:58] "GET /static/plugins/font-awesome/fonts/fontawesome-webfont.woff2?v=4.6.3 HTTP/1.1" 200 -
INFO _internal.py: 87 127.0.0.1 - - [18/Nov/2020 21:17:58] "GET /static/images/logo@128x59.png HTTP/1.1" 200 -
INFO _internal.py: 87 127.0.0.1 - - [18/Nov/2020 21:17:58] "GET /static/images/home01.jpg HTTP/1.1" 200 -
INFO _internal.py: 87 127.0.0.1 - - [18/Nov/2020 21:17:58] "GET /static/images/home02.jpg HTTP/1.1" 200 -
INFO _internal.py: 87 127.0.0.1 - - [18/Nov/2020 21:17:58] "GET /static/images/home03.jpg HTTP/1.1" 200 -
INFO _internal.py: 87 127.0.0.1 - - [18/Nov/2020 21:17:58] "GET /api/v1.0/session HTTP/1.1" 404 -
INFO _internal.py: 87 127.0.0.1 - - [18/Nov/2020 21:17:58] "GET /static/plugins/bootstrap/css/bootstrap.min.css.map HTTP/1.1" 200 -
INFO _internal.py: 87 127.0.0.1 - - [18/Nov/2020 21:17:58] "GET /static/plugins/swiper/js/maps/swiper.jquery.min.js.map HTTP/1.1" 404 -
INFO _internal.py: 87 127.0.0.1 - - [18/Nov/2020 21:30:37] "GET /register.html HTTP/1.1" 200 -
INFO _internal.py: 87 127.0.0.1 - - [18/Nov/2020 21:30:37] "GET /static/plugins/bootstrap/css/bootstrap.min.css HTTP/1.1" 200 -
INFO _internal.py: 87 127.0.0.1 - - [18/Nov/2020 21:30:37] "GET /static/plugins/font-awesome/css/font-awesome.min.css HTTP/1.1" 200 -
INFO _internal.py: 87 127.0.0.1 - - [18/Nov/2020 21:30:37] "GET /static/css/reset.css HTTP/1.1" 200 -
INFO _internal.py: 87 127.0.0.1 - - [18/Nov/2020 21:30:37] "GET /static/css/ihome/main.css HTTP/1.1" 200 -
INFO _internal.py: 87 127.0.0.1 - - [18/Nov/2020 21:30:37] "GET /static/css/ihome/register.css HTTP/1.1" 200 -
INFO _internal.py: 87 127.0.0.1 - - [18/Nov/2020 21:30:37] "GET /static/js/jquery.min.js HTTP/1.1" 200 -
INFO _internal.py: 87 127.0.0.1 - - [18/Nov/2020 21:30:37] "GET /static/plugins/bootstrap/js/bootstrap.min.js HTTP/1.1" 200 -
INFO _internal.py: 87 127.0.0.1 - - [18/Nov/2020 21:30:37] "GET /static/js/ihome/register.js HTTP/1.1" 200 -
INFO _internal.py: 87 127.0.0.1 - - [18/Nov/2020 21:30:37] "GET /static/images/logo@128x59.png HTTP/1.1" 200 -
INFO _internal.py: 87 127.0.0.1 - - [18/Nov/2020 21:30:37] "GET /static/plugins/font-awesome/fonts/fontawesome-webfont.woff2?v=4.6.3 HTTP/1.1" 200 -
INFO _internal.py: 87 127.0.0.1 - - [18/Nov/2020 21:30:37] "GET /api/v1.0/image_codes/21a2fbe4-75f0-4d53-96c0-825cbdea244a HTTP/1.1" 404 -
INFO _internal.py: 87 127.0.0.1 - - [18/Nov/2020 21:30:37] "GET /static/plugins/bootstrap/css/bootstrap.min.css.map HTTP/1.1" 200 -
INFO _internal.py: 87 127.0.0.1 - - [18/Nov/2020 21:33:18] "GET /my.html HTTP/1.1" 200 -
INFO _internal.py: 87 127.0.0.1 - - [18/Nov/2020 21:33:18] "GET /static/plugins/bootstrap/css/bootstrap.min.css HTTP/1.1" 200 -
INFO _internal.py: 87 127.0.0.1 - - [18/Nov/2020 21:33:18] "GET /static/plugins/font-awesome/css/font-awesome.min.css HTTP/1.1" 200 -
INFO _internal.py: 87 127.0.0.1 - - [18/Nov/2020 21:33:18] "GET /static/css/reset.css HTTP/1.1" 200 -
INFO _internal.py: 87 127.0.0.1 - - [18/Nov/2020 21:33:18] "GET /static/plugins/bootstrap-datepicker/css/bootstrap-datepicker.min.css HTTP/1.1" 200 -
INFO _internal.py: 87 127.0.0.1 - - [18/Nov/2020 21:33:18] "GET /static/css/ihome/main.css HTTP/1.1" 200 -
INFO _internal.py: 87 127.0.0.1 - - [18/Nov/2020 21:33:18] "GET /static/css/ihome/my.css HTTP/1.1" 200 -
INFO _internal.py: 87 127.0.0.1 - - [18/Nov/2020 21:33:18] "GET /static/js/jquery.min.js HTTP/1.1" 200 -
INFO _internal.py: 87 127.0.0.1 - - [18/Nov/2020 21:33:18] "GET /static/plugins/bootstrap/js/bootstrap.min.js HTTP/1.1" 200 -
INFO _internal.py: 87 127.0.0.1 - - [18/Nov/2020 21:33:18] "GET /static/plugins/bootstrap-datepicker/js/bootstrap-datepicker.min.js HTTP/1.1" 200 -
INFO _internal.py: 87 127.0.0.1 - - [18/Nov/2020 21:33:18] "GET /static/plugins/bootstrap-datepicker/locales/bootstrap-datepicker.zh-CN.min.js HTTP/1.1" 200 -
INFO _internal.py: 87 127.0.0.1 - - [18/Nov/2020 21:33:18] "GET /static/js/ihome/my.js HTTP/1.1" 200 -
INFO _internal.py: 87 127.0.0.1 - - [18/Nov/2020 21:33:18] "GET /static/plugins/font-awesome/fonts/fontawesome-webfont.woff2?v=4.6.3 HTTP/1.1" 200 -
INFO _internal.py: 87 127.0.0.1 - - [18/Nov/2020 21:33:18] "GET /api/v1.0/user HTTP/1.1" 404 -
INFO _internal.py: 87 127.0.0.1 - - [18/Nov/2020 21:33:18] "GET /static/plugins/bootstrap/css/bootstrap.min.css.map HTTP/1.1" 200 -
INFO _internal.py: 87 127.0.0.1 - - [18/Nov/2020 21:34:01] "GET /profile.html HTTP/1.1" 200 -
INFO _internal.py: 87 127.0.0.1 - - [18/Nov/2020 21:34:01] "GET /static/plugins/bootstrap/css/bootstrap.min.css HTTP/1.1" 200 -
INFO _internal.py: 87 127.0.0.1 - - [18/Nov/2020 21:34:01] "GET /static/plugins/font-awesome/css/font-awesome.min.css HTTP/1.1" 200 -
INFO _internal.py: 87 127.0.0.1 - - [18/Nov/2020 21:34:01] "GET /static/css/reset.css HTTP/1.1" 200 -
INFO _internal.py: 87 127.0.0.1 - - [18/Nov/2020 21:34:01] "GET /static/plugins/bootstrap-datepicker/css/bootstrap-datepicker.min.css HTTP/1.1" 200 -
INFO _internal.py: 87 127.0.0.1 - - [18/Nov/2020 21:34:01] "GET /static/css/ihome/main.css HTTP/1.1" 200 -
INFO _internal.py: 87 127.0.0.1 - - [18/Nov/2020 21:34:01] "GET /static/css/ihome/profile.css HTTP/1.1" 200 -
INFO _internal.py: 87 127.0.0.1 - - [18/Nov/2020 21:34:01] "GET /static/js/jquery.min.js HTTP/1.1" 200 -
INFO _internal.py: 87 127.0.0.1 - - [18/Nov/2020 21:34:01] "GET /static/js/jquery.form.min.js HTTP/1.1" 200 -
INFO _internal.py: 87 127.0.0.1 - - [18/Nov/2020 21:34:01] "GET /static/plugins/bootstrap/js/bootstrap.min.js HTTP/1.1" 200 -
INFO _internal.py: 87 127.0.0.1 - - [18/Nov/2020 21:34:01] "GET /static/plugins/bootstrap-datepicker/js/bootstrap-datepicker.min.js HTTP/1.1" 200 -
INFO _internal.py: 87 127.0.0.1 - - [18/Nov/2020 21:34:01] "GET /static/plugins/bootstrap-datepicker/locales/bootstrap-datepicker.zh-CN.min.js HTTP/1.1" 200 -
INFO _internal.py: 87 127.0.0.1 - - [18/Nov/2020 21:34:01] "GET /static/js/ihome/profile.js HTTP/1.1" 200 -
INFO _internal.py: 87 127.0.0.1 - - [18/Nov/2020 21:34:01] "GET /static/plugins/font-awesome/fonts/fontawesome-webfont.woff2?v=4.6.3 HTTP/1.1" 200 -
INFO _internal.py: 87 127.0.0.1 - - [18/Nov/2020 21:34:01] "GET /static/plugins/bootstrap/css/bootstrap.min.css.map HTTP/1.1" 200 -
INFO _internal.py: 87 127.0.0.1 - - [18/Nov/2020 21:35:14] "GET / HTTP/1.1" 200 -
INFO _internal.py: 87 127.0.0.1 - - [18/Nov/2020 21:35:14] "GET /static/plugins/bootstrap/css/bootstrap.min.css HTTP/1.1" 200 -
INFO _internal.py: 87 127.0.0.1 - - [18/Nov/2020 21:35:14] "GET /static/plugins/font-awesome/css/font-awesome.min.css HTTP/1.1" 200 -
INFO _internal.py: 87 127.0.0.1 - - [18/Nov/2020 21:35:14] "GET /static/css/reset.css HTTP/1.1" 200 -
INFO _internal.py: 87 127.0.0.1 - - [18/Nov/2020 21:35:14] "GET /static/plugins/swiper/css/swiper.min.css HTTP/1.1" 200 -
INFO _internal.py: 87 127.0.0.1 - - [18/Nov/2020 21:35:14] "GET /static/plugins/bootstrap-datepicker/css/bootstrap-datepicker.min.css HTTP/1.1" 200 -
INFO _internal.py: 87 127.0.0.1 - - [18/Nov/2020 21:35:14] "GET /static/css/ihome/main.css HTTP/1.1" 200 -
INFO _internal.py: 87 127.0.0.1 - - [18/Nov/2020 21:35:14] "GET /static/css/ihome/index.css HTTP/1.1" 200 -
INFO _internal.py: 87 127.0.0.1 - - [18/Nov/2020 21:35:14] "GET /static/js/jquery.min.js HTTP/1.1" 200 -
INFO _internal.py: 87 127.0.0.1 - - [18/Nov/2020 21:35:14] "GET /static/plugins/bootstrap/js/bootstrap.min.js HTTP/1.1" 200 -
INFO _internal.py: 87 127.0.0.1 - - [18/Nov/2020 21:35:14] "GET /static/plugins/swiper/js/swiper.jquery.min.js HTTP/1.1" 200 -
INFO _internal.py: 87 127.0.0.1 - - [18/Nov/2020 21:35:14] "GET /static/plugins/bootstrap-datepicker/js/bootstrap-datepicker.min.js HTTP/1.1" 200 -
INFO _internal.py: 87 127.0.0.1 - - [18/Nov/2020 21:35:14] "GET /static/plugins/bootstrap-datepicker/locales/bootstrap-datepicker.zh-CN.min.js HTTP/1.1" 200 -
INFO _internal.py: 87 127.0.0.1 - - [18/Nov/2020 21:35:14] "GET /static/js/template.js HTTP/1.1" 200 -
INFO _internal.py: 87 127.0.0.1 - - [18/Nov/2020 21:35:14] "GET /static/js/ihome/index.js HTTP/1.1" 200 -
INFO _internal.py: 87 127.0.0.1 - - [18/Nov/2020 21:35:14] "GET /static/plugins/font-awesome/fonts/fontawesome-webfont.woff2?v=4.6.3 HTTP/1.1" 200 -
INFO _internal.py: 87 127.0.0.1 - - [18/Nov/2020 21:35:14] "GET /static/images/logo@128x59.png HTTP/1.1" 200 -
INFO _internal.py: 87 127.0.0.1 - - [18/Nov/2020 21:35:14] "GET /static/images/home01.jpg HTTP/1.1" 200 -
INFO _internal.py: 87 127.0.0.1 - - [18/Nov/2020 21:35:14] "GET /static/images/home02.jpg HTTP/1.1" 200 -
INFO _internal.py: 87 127.0.0.1 - - [18/Nov/2020 21:35:14] "GET /static/images/home03.jpg HTTP/1.1" 200 -
INFO _internal.py: 87 127.0.0.1 - - [18/Nov/2020 21:35:14] "GET /api/v1.0/session HTTP/1.1" 404 -
INFO _internal.py: 87 127.0.0.1 - - [18/Nov/2020 21:35:14] "GET /static/plugins/bootstrap/css/bootstrap.min.css.map HTTP/1.1" 200 -
INFO _internal.py: 87 127.0.0.1 - - [18/Nov/2020 21:35:14] "GET /static/plugins/swiper/js/maps/swiper.jquery.min.js.map HTTP/1.1" 404 -
INFO _internal.py: 87 127.0.0.1 - - [18/Nov/2020 21:35:59] "GET /detail.html?id=2 HTTP/1.1" 200 -
INFO _internal.py: 87 127.0.0.1 - - [18/Nov/2020 21:35:59] "GET /detail.html?id=2 HTTP/1.1" 200 -
INFO _internal.py: 87 127.0.0.1 - - [18/Nov/2020 21:35:59] "GET /static/plugins/bootstrap/css/bootstrap.min.css HTTP/1.1" 200 -
INFO _internal.py: 87 127.0.0.1 - - [18/Nov/2020 21:35:59] "GET /static/plugins/font-awesome/css/font-awesome.min.css HTTP/1.1" 200 -
INFO _internal.py: 87 127.0.0.1 - - [18/Nov/2020 21:35:59] "GET /static/css/reset.css HTTP/1.1" 200 -
INFO _internal.py: 87 127.0.0.1 - - [18/Nov/2020 21:35:59] "GET /static/plugins/swiper/css/swiper.min.css HTTP/1.1" 200 -
INFO _internal.py: 87 127.0.0.1 - - [18/Nov/2020 21:35:59] "GET /static/plugins/bootstrap-datepicker/css/bootstrap-datepicker.min.css HTTP/1.1" 200 -
INFO _internal.py: 87 127.0.0.1 - - [18/Nov/2020 21:35:59] "GET /static/css/ihome/main.css HTTP/1.1" 200 -
INFO _internal.py: 87 127.0.0.1 - - [18/Nov/2020 21:35:59] "GET /static/css/ihome/detail.css HTTP/1.1" 200 -
INFO _internal.py: 87 127.0.0.1 - - [18/Nov/2020 21:35:59] "GET /static/js/jquery.min.js HTTP/1.1" 200 -
INFO _internal.py: 87 127.0.0.1 - - [18/Nov/2020 21:35:59] "GET /static/plugins/bootstrap/js/bootstrap.min.js HTTP/1.1" 200 -
INFO _internal.py: 87 127.0.0.1 - - [18/Nov/2020 21:35:59] "GET /static/plugins/swiper/js/swiper.jquery.min.js HTTP/1.1" 200 -
INFO _internal.py: 87 127.0.0.1 - - [18/Nov/2020 21:35:59] "GET /static/plugins/bootstrap-datepicker/js/bootstrap-datepicker.min.js HTTP/1.1" 200 -
INFO _internal.py: 87 127.0.0.1 - - [18/Nov/2020 21:35:59] "GET /static/plugins/bootstrap-datepicker/locales/bootstrap-datepicker.zh-CN.min.js HTTP/1.1" 200 -
INFO _internal.py: 87 127.0.0.1 - - [18/Nov/2020 21:35:59] "GET /static/js/template.js HTTP/1.1" 200 -
INFO _internal.py: 87 127.0.0.1 - - [18/Nov/2020 21:35:59] "GET /static/js/ihome/detail.js HTTP/1.1" 200 -
INFO _internal.py: 87 127.0.0.1 - - [18/Nov/2020 21:35:59] "GET /static/plugins/font-awesome/fonts/fontawesome-webfont.woff2?v=4.6.3 HTTP/1.1" 200 -
INFO _internal.py: 87 127.0.0.1 - - [18/Nov/2020 21:35:59] "GET /static/images/home01.jpg HTTP/1.1" 200 -
INFO _internal.py: 87 127.0.0.1 - - [18/Nov/2020 21:35:59] "GET /static/images/home02.jpg HTTP/1.1" 200 -
INFO _internal.py: 87 127.0.0.1 - - [18/Nov/2020 21:35:59] "GET /static/images/home03.jpg HTTP/1.1" 200 -
INFO _internal.py: 87 127.0.0.1 - - [18/Nov/2020 21:35:59] "GET /static/images/landlord01.jpg HTTP/1.1" 200 -
INFO _internal.py: 87 127.0.0.1 - - [18/Nov/2020 21:35:59] "GET /static/images/houseicon_sprite.png HTTP/1.1" 200 -
INFO _internal.py: 87 127.0.0.1 - - [18/Nov/2020 21:35:59] "GET /static/plugins/bootstrap/css/bootstrap.min.css.map HTTP/1.1" 200 -
INFO _internal.py: 87 127.0.0.1 - - [18/Nov/2020 21:35:59] "GET /static/plugins/swiper/js/maps/swiper.jquery.min.js.map HTTP/1.1" 404 -
INFO _internal.py: 87 127.0.0.1 - - [18/Nov/2020 21:36:56] "GET / HTTP/1.1" 200 -
INFO _internal.py: 87 127.0.0.1 - - [18/Nov/2020 21:36:56] "GET / HTTP/1.1" 200 -
INFO _internal.py: 87 127.0.0.1 - - [18/Nov/2020 21:36:56] "GET /static/plugins/bootstrap/css/bootstrap.min.css HTTP/1.1" 200 -
INFO _internal.py: 87 127.0.0.1 - - [18/Nov/2020 21:36:56] "GET /static/plugins/font-awesome/css/font-awesome.min.css HTTP/1.1" 200 -
INFO _internal.py: 87 127.0.0.1 - - [18/Nov/2020 21:36:56] "GET /static/css/reset.css HTTP/1.1" 200 -
INFO _internal.py: 87 127.0.0.1 - - [18/Nov/2020 21:36:56] "GET /static/plugins/swiper/css/swiper.min.css HTTP/1.1" 200 -
INFO _internal.py: 87 127.0.0.1 - - [18/Nov/2020 21:36:56] "GET /static/plugins/bootstrap-datepicker/css/bootstrap-datepicker.min.css HTTP/1.1" 200 -
INFO _internal.py: 87 127.0.0.1 - - [18/Nov/2020 21:36:56] "GET /static/css/ihome/main.css HTTP/1.1" 200 -
INFO _internal.py: 87 127.0.0.1 - - [18/Nov/2020 21:36:56] "GET /static/css/ihome/index.css HTTP/1.1" 200 -
INFO _internal.py: 87 127.0.0.1 - - [18/Nov/2020 21:36:56] "GET /static/js/jquery.min.js HTTP/1.1" 200 -
INFO _internal.py: 87 127.0.0.1 - - [18/Nov/2020 21:36:56] "GET /static/plugins/bootstrap/js/bootstrap.min.js HTTP/1.1" 200 -
INFO _internal.py: 87 127.0.0.1 - - [18/Nov/2020 21:36:56] "GET /static/plugins/swiper/js/swiper.jquery.min.js HTTP/1.1" 200 -
INFO _internal.py: 87 127.0.0.1 - - [18/Nov/2020 21:36:56] "GET /static/plugins/bootstrap-datepicker/js/bootstrap-datepicker.min.js HTTP/1.1" 200 -
INFO _internal.py: 87 127.0.0.1 - - [18/Nov/2020 21:36:56] "GET /static/plugins/bootstrap-datepicker/locales/bootstrap-datepicker.zh-CN.min.js HTTP/1.1" 200 -
INFO _internal.py: 87 127.0.0.1 - - [18/Nov/2020 21:36:57] "GET /static/js/template.js HTTP/1.1" 200 -
INFO _internal.py: 87 127.0.0.1 - - [18/Nov/2020 21:36:57] "GET /static/js/ihome/index.js HTTP/1.1" 200 -
INFO _internal.py: 87 127.0.0.1 - - [18/Nov/2020 21:36:57] "GET /static/images/logo@128x59.png HTTP/1.1" 200 -
INFO _internal.py: 87 127.0.0.1 - - [18/Nov/2020 21:36:57] "GET /static/plugins/font-awesome/fonts/fontawesome-webfont.woff2?v=4.6.3 HTTP/1.1" 200 -
INFO _internal.py: 87 127.0.0.1 - - [18/Nov/2020 21:36:57] "GET /static/images/home01.jpg HTTP/1.1" 200 -
INFO _internal.py: 87 127.0.0.1 - - [18/Nov/2020 21:36:57] "GET /static/images/home02.jpg HTTP/1.1" 200 -
INFO _internal.py: 87 127.0.0.1 - - [18/Nov/2020 21:36:57] "GET /static/plugins/bootstrap/css/bootstrap.min.css.map HTTP/1.1" 200 -
INFO _internal.py: 87 127.0.0.1 - - [18/Nov/2020 21:36:57] "GET /static/images/home03.jpg HTTP/1.1" 200 -
INFO _internal.py: 87 127.0.0.1 - - [18/Nov/2020 21:36:57] "GET /static/plugins/swiper/js/maps/swiper.jquery.min.js.map HTTP/1.1" 404 -
INFO _internal.py: 87 127.0.0.1 - - [18/Nov/2020 21:36:57] "GET /api/v1.0/session HTTP/1.1" 404 -
INFO _internal.py: 87 127.0.0.1 - - [18/Nov/2020 21:38:48] "GET /detail.html?id=1 HTTP/1.1" 200 -
INFO _internal.py: 87 127.0.0.1 - - [18/Nov/2020 21:38:48] "GET /static/plugins/bootstrap/css/bootstrap.min.css HTTP/1.1" 200 -
INFO _internal.py: 87 127.0.0.1 - - [18/Nov/2020 21:38:48] "GET /static/plugins/font-awesome/css/font-awesome.min.css HTTP/1.1" 200 -
INFO _internal.py: 87 127.0.0.1 - - [18/Nov/2020 21:38:48] "GET /static/css/reset.css HTTP/1.1" 200 -
INFO _internal.py: 87 127.0.0.1 - - [18/Nov/2020 21:38:48] "GET /static/plugins/swiper/css/swiper.min.css HTTP/1.1" 200 -
INFO _internal.py: 87 127.0.0.1 - - [18/Nov/2020 21:38:48] "GET /static/plugins/bootstrap-datepicker/css/bootstrap-datepicker.min.css HTTP/1.1" 200 -
INFO _internal.py: 87 127.0.0.1 - - [18/Nov/2020 21:38:48] "GET /static/css/ihome/main.css HTTP/1.1" 200 -
INFO _internal.py: 87 127.0.0.1 - - [18/Nov/2020 21:38:48] "GET /static/css/ihome/detail.css HTTP/1.1" 200 -
INFO _internal.py: 87 127.0.0.1 - - [18/Nov/2020 21:38:48] "GET /static/js/jquery.min.js HTTP/1.1" 200 -
INFO _internal.py: 87 127.0.0.1 - - [18/Nov/2020 21:38:48] "GET /static/plugins/bootstrap/js/bootstrap.min.js HTTP/1.1" 200 -
INFO _internal.py: 87 127.0.0.1 - - [18/Nov/2020 21:38:48] "GET /static/plugins/swiper/js/swiper.jquery.min.js HTTP/1.1" 200 -
INFO _internal.py: 87 127.0.0.1 - - [18/Nov/2020 21:38:48] "GET /static/plugins/bootstrap-datepicker/js/bootstrap-datepicker.min.js HTTP/1.1" 200 -
INFO _internal.py: 87 127.0.0.1 - - [18/Nov/2020 21:38:48] "GET /static/plugins/bootstrap-datepicker/locales/bootstrap-datepicker.zh-CN.min.js HTTP/1.1" 200 -
INFO _internal.py: 87 127.0.0.1 - - [18/Nov/2020 21:38:48] "GET /static/js/template.js HTTP/1.1" 200 -
INFO _internal.py: 87 127.0.0.1 - - [18/Nov/2020 21:38:48] "GET /static/js/ihome/detail.js HTTP/1.1" 200 -
INFO _internal.py: 87 127.0.0.1 - - [18/Nov/2020 21:38:48] "GET /static/images/home01.jpg HTTP/1.1" 200 -
INFO _internal.py: 87 127.0.0.1 - - [18/Nov/2020 21:38:48] "GET /static/plugins/font-awesome/fonts/fontawesome-webfont.woff2?v=4.6.3 HTTP/1.1" 200 -
INFO _internal.py: 87 127.0.0.1 - - [18/Nov/2020 21:38:48] "GET /static/images/houseicon_sprite.png HTTP/1.1" 200 -
INFO _internal.py: 87 127.0.0.1 - - [18/Nov/2020 21:38:48] "GET /static/images/landlord01.jpg HTTP/1.1" 200 -
INFO _internal.py: 87 127.0.0.1 - - [18/Nov/2020 21:38:48] "GET /static/images/home02.jpg HTTP/1.1" 200 -
INFO _internal.py: 87 127.0.0.1 - - [18/Nov/2020 21:38:48] "GET /static/images/home03.jpg HTTP/1.1" 200 -
INFO _internal.py: 87 127.0.0.1 - - [18/Nov/2020 21:38:48] "GET /static/plugins/bootstrap/css/bootstrap.min.css.map HTTP/1.1" 200 -
INFO _internal.py: 87 127.0.0.1 - - [18/Nov/2020 21:38:48] "GET /static/plugins/swiper/js/maps/swiper.jquery.min.js.map HTTP/1.1" 404 -
INFO _internal.py: 87 127.0.0.1 - - [18/Nov/2020 21:40:30] "GET / HTTP/1.1" 200 -
INFO _internal.py: 87 127.0.0.1 - - [18/Nov/2020 21:40:30] "GET /static/plugins/bootstrap/css/bootstrap.min.css HTTP/1.1" 200 -
INFO _internal.py: 87 127.0.0.1 - - [18/Nov/2020 21:40:30] "GET /static/plugins/font-awesome/css/font-awesome.min.css HTTP/1.1" 200 -
INFO _internal.py: 87 127.0.0.1 - - [18/Nov/2020 21:40:30] "GET /static/css/reset.css HTTP/1.1" 200 -
INFO _internal.py: 87 127.0.0.1 - - [18/Nov/2020 21:40:30] "GET /static/plugins/swiper/css/swiper.min.css HTTP/1.1" 200 -
INFO _internal.py: 87 127.0.0.1 - - [18/Nov/2020 21:40:30] "GET /static/plugins/bootstrap-datepicker/css/bootstrap-datepicker.min.css HTTP/1.1" 200 -
INFO _internal.py: 87 127.0.0.1 - - [18/Nov/2020 21:40:30] "GET /static/css/ihome/main.css HTTP/1.1" 200 -
INFO _internal.py: 87 127.0.0.1 - - [18/Nov/2020 21:40:30] "GET /static/css/ihome/index.css HTTP/1.1" 200 -
INFO _internal.py: 87 127.0.0.1 - - [18/Nov/2020 21:40:30] "GET /static/js/jquery.min.js HTTP/1.1" 200 -
INFO _internal.py: 87 127.0.0.1 - - [18/Nov/2020 21:40:30] "GET /static/plugins/bootstrap/js/bootstrap.min.js HTTP/1.1" 200 -
INFO _internal.py: 87 127.0.0.1 - - [18/Nov/2020 21:40:30] "GET /static/plugins/swiper/js/swiper.jquery.min.js HTTP/1.1" 200 -
INFO _internal.py: 87 127.0.0.1 - - [18/Nov/2020 21:40:30] "GET /static/plugins/bootstrap-datepicker/js/bootstrap-datepicker.min.js HTTP/1.1" 200 -
INFO _internal.py: 87 127.0.0.1 - - [18/Nov/2020 21:40:30] "GET /static/plugins/bootstrap-datepicker/locales/bootstrap-datepicker.zh-CN.min.js HTTP/1.1" 200 -
INFO _internal.py: 87 127.0.0.1 - - [18/Nov/2020 21:40:30] "GET /static/js/template.js HTTP/1.1" 200 -
INFO _internal.py: 87 127.0.0.1 - - [18/Nov/2020 21:40:30] "GET /static/js/ihome/index.js HTTP/1.1" 200 -
INFO _internal.py: 87 127.0.0.1 - - [18/Nov/2020 21:40:30] "GET /static/plugins/font-awesome/fonts/fontawesome-webfont.woff2?v=4.6.3 HTTP/1.1" 200 -
INFO _internal.py: 87 127.0.0.1 - - [18/Nov/2020 21:40:30] "GET /static/images/logo@128x59.png HTTP/1.1" 200 -
INFO _internal.py: 87 127.0.0.1 - - [18/Nov/2020 21:40:30] "GET /static/images/home01.jpg HTTP/1.1" 200 -
INFO _internal.py: 87 127.0.0.1 - - [18/Nov/2020 21:40:30] "GET /static/images/home02.jpg HTTP/1.1" 200 -
INFO _internal.py: 87 127.0.0.1 - - [18/Nov/2020 21:40:30] "GET /static/images/home03.jpg HTTP/1.1" 200 -
INFO _internal.py: 87 127.0.0.1 - - [18/Nov/2020 21:40:30] "GET /api/v1.0/session HTTP/1.1" 404 -
INFO _internal.py: 87 127.0.0.1 - - [18/Nov/2020 21:40:30] "GET /static/plugins/bootstrap/css/bootstrap.min.css.map HTTP/1.1" 200 -
INFO _internal.py: 87 127.0.0.1 - - [18/Nov/2020 21:40:30] "GET /static/plugins/swiper/js/maps/swiper.jquery.min.js.map HTTP/1.1" 404 -
INFO _internal.py: 87 127.0.0.1 - - [18/Nov/2020 21:41:53] "GET /detail.html?id=1 HTTP/1.1" 200 -
INFO _internal.py: 87 127.0.0.1 - - [18/Nov/2020 21:41:53] "GET /detail.html?id=1 HTTP/1.1" 200 -
INFO _internal.py: 87 127.0.0.1 - - [18/Nov/2020 21:41:53] "GET /static/plugins/bootstrap/css/bootstrap.min.css HTTP/1.1" 200 -
INFO _internal.py: 87 127.0.0.1 - - [18/Nov/2020 21:41:53] "GET /static/plugins/font-awesome/css/font-awesome.min.css HTTP/1.1" 200 -
INFO _internal.py: 87 127.0.0.1 - - [18/Nov/2020 21:41:53] "GET /static/css/reset.css HTTP/1.1" 200 -
INFO _internal.py: 87 127.0.0.1 - - [18/Nov/2020 21:41:53] "GET /static/plugins/swiper/css/swiper.min.css HTTP/1.1" 200 -
INFO _internal.py: 87 127.0.0.1 - - [18/Nov/2020 21:41:53] "GET /static/plugins/bootstrap-datepicker/css/bootstrap-datepicker.min.css HTTP/1.1" 200 -
INFO _internal.py: 87 127.0.0.1 - - [18/Nov/2020 21:41:53] "GET /static/css/ihome/main.css HTTP/1.1" 200 -
INFO _internal.py: 87 127.0.0.1 - - [18/Nov/2020 21:41:53] "GET /static/css/ihome/detail.css HTTP/1.1" 200 -
INFO _internal.py: 87 127.0.0.1 - - [18/Nov/2020 21:41:53] "GET /static/js/jquery.min.js HTTP/1.1" 200 -
INFO _internal.py: 87 127.0.0.1 - - [18/Nov/2020 21:41:53] "GET /static/plugins/bootstrap/js/bootstrap.min.js HTTP/1.1" 200 -
INFO _internal.py: 87 127.0.0.1 - - [18/Nov/2020 21:41:53] "GET /static/plugins/swiper/js/swiper.jquery.min.js HTTP/1.1" 200 -
INFO _internal.py: 87 127.0.0.1 - - [18/Nov/2020 21:41:53] "GET /static/plugins/bootstrap-datepicker/js/bootstrap-datepicker.min.js HTTP/1.1" 200 -
INFO _internal.py: 87 127.0.0.1 - - [18/Nov/2020 21:41:53] "GET /static/plugins/bootstrap-datepicker/locales/bootstrap-datepicker.zh-CN.min.js HTTP/1.1" 200 -
INFO _internal.py: 87 127.0.0.1 - - [18/Nov/2020 21:41:53] "GET /static/js/template.js HTTP/1.1" 200 -
INFO _internal.py: 87 127.0.0.1 - - [18/Nov/2020 21:41:53] "GET /static/js/ihome/detail.js HTTP/1.1" 200 -
INFO _internal.py: 87 127.0.0.1 - - [18/Nov/2020 21:41:53] "GET /static/plugins/font-awesome/fonts/fontawesome-webfont.woff2?v=4.6.3 HTTP/1.1" 200 -
INFO _internal.py: 87 127.0.0.1 - - [18/Nov/2020 21:41:53] "GET /static/images/home01.jpg HTTP/1.1" 200 -
INFO _internal.py: 87 127.0.0.1 - - [18/Nov/2020 21:41:53] "GET /static/images/landlord01.jpg HTTP/1.1" 200 -
INFO _internal.py: 87 127.0.0.1 - - [18/Nov/2020 21:41:53] "GET /static/images/houseicon_sprite.png HTTP/1.1" 200 -
INFO _internal.py: 87 127.0.0.1 - - [18/Nov/2020 21:41:53] "GET /static/images/home02.jpg HTTP/1.1" 200 -
INFO _internal.py: 87 127.0.0.1 - - [18/Nov/2020 21:41:53] "GET /static/images/home03.jpg HTTP/1.1" 200 -
INFO _internal.py: 87 127.0.0.1 - - [18/Nov/2020 21:41:53] "GET /static/plugins/bootstrap/css/bootstrap.min.css.map HTTP/1.1" 200 -
INFO _internal.py: 87 127.0.0.1 - - [18/Nov/2020 21:41:54] "GET /static/plugins/swiper/js/maps/swiper.jquery.min.js.map HTTP/1.1" 404 -
INFO _internal.py: 87 127.0.0.1 - - [18/Nov/2020 21:43:58] "GET / HTTP/1.1" 200 -
INFO _internal.py: 87 127.0.0.1 - - [18/Nov/2020 21:43:58] "GET /static/plugins/bootstrap/css/bootstrap.min.css HTTP/1.1" 200 -
INFO _internal.py: 87 127.0.0.1 - - [18/Nov/2020 21:43:58] "GET /static/plugins/font-awesome/css/font-awesome.min.css HTTP/1.1" 200 -
INFO _internal.py: 87 127.0.0.1 - - [18/Nov/2020 21:43:58] "GET /static/css/reset.css HTTP/1.1" 200 -
INFO _internal.py: 87 127.0.0.1 - - [18/Nov/2020 21:43:58] "GET /static/plugins/swiper/css/swiper.min.css HTTP/1.1" 200 -
INFO _internal.py: 87 127.0.0.1 - - [18/Nov/2020 21:43:58] "GET /static/plugins/bootstrap-datepicker/css/bootstrap-datepicker.min.css HTTP/1.1" 200 -
INFO _internal.py: 87 127.0.0.1 - - [18/Nov/2020 21:43:58] "GET /static/css/ihome/main.css HTTP/1.1" 200 -
INFO _internal.py: 87 127.0.0.1 - - [18/Nov/2020 21:43:58] "GET /static/css/ihome/index.css HTTP/1.1" 200 -
INFO _internal.py: 87 127.0.0.1 - - [18/Nov/2020 21:43:58] "GET /static/js/jquery.min.js HTTP/1.1" 200 -
INFO _internal.py: 87 127.0.0.1 - - [18/Nov/2020 21:43:58] "GET /static/plugins/bootstrap/js/bootstrap.min.js HTTP/1.1" 200 -
INFO _internal.py: 87 127.0.0.1 - - [18/Nov/2020 21:43:58] "GET /static/plugins/swiper/js/swiper.jquery.min.js HTTP/1.1" 200 -
INFO _internal.py: 87 127.0.0.1 - - [18/Nov/2020 21:43:58] "GET /static/plugins/bootstrap-datepicker/js/bootstrap-datepicker.min.js HTTP/1.1" 200 -
INFO _internal.py: 87 127.0.0.1 - - [18/Nov/2020 21:43:58] "GET /static/plugins/bootstrap-datepicker/locales/bootstrap-datepicker.zh-CN.min.js HTTP/1.1" 200 -
INFO _internal.py: 87 127.0.0.1 - - [18/Nov/2020 21:43:58] "GET /static/js/template.js HTTP/1.1" 200 -
INFO _internal.py: 87 127.0.0.1 - - [18/Nov/2020 21:43:58] "GET /static/js/ihome/index.js HTTP/1.1" 200 -
INFO _internal.py: 87 127.0.0.1 - - [18/Nov/2020 21:43:58] "GET /static/plugins/font-awesome/fonts/fontawesome-webfont.woff2?v=4.6.3 HTTP/1.1" 200 -
INFO _internal.py: 87 127.0.0.1 - - [18/Nov/2020 21:43:58] "GET /static/images/logo@128x59.png HTTP/1.1" 200 -
INFO _internal.py: 87 127.0.0.1 - - [18/Nov/2020 21:43:58] "GET /static/images/home01.jpg HTTP/1.1" 200 -
INFO _internal.py: 87 127.0.0.1 - - [18/Nov/2020 21:43:58] "GET /static/images/home02.jpg HTTP/1.1" 200 -
INFO _internal.py: 87 127.0.0.1 - - [18/Nov/2020 21:43:58] "GET /static/images/home03.jpg HTTP/1.1" 200 -
INFO _internal.py: 87 127.0.0.1 - - [18/Nov/2020 21:43:58] "GET /api/v1.0/session HTTP/1.1" 404 -
INFO _internal.py: 87 127.0.0.1 - - [18/Nov/2020 21:43:59] "GET /static/plugins/bootstrap/css/bootstrap.min.css.map HTTP/1.1" 200 -
INFO _internal.py: 87 127.0.0.1 - - [18/Nov/2020 21:43:59] "GET /static/plugins/swiper/js/maps/swiper.jquery.min.js.map HTTP/1.1" 404 -
INFO _internal.py: 87 127.0.0.1 - - [18/Nov/2020 21:44:03] "GET /my HTTP/1.1" 404 -
INFO _internal.py: 87 127.0.0.1 - - [18/Nov/2020 21:44:05] "GET /my.html HTTP/1.1" 200 -
INFO _internal.py: 87 127.0.0.1 - - [18/Nov/2020 21:44:05] "GET /static/plugins/bootstrap/css/bootstrap.min.css HTTP/1.1" 200 -
INFO _internal.py: 87 127.0.0.1 - - [18/Nov/2020 21:44:05] "GET /static/plugins/font-awesome/css/font-awesome.min.css HTTP/1.1" 200 -
INFO _internal.py: 87 127.0.0.1 - - [18/Nov/2020 21:44:05] "GET /static/css/reset.css HTTP/1.1" 200 -
INFO _internal.py: 87 127.0.0.1 - - [18/Nov/2020 21:44:05] "GET /static/plugins/bootstrap-datepicker/css/bootstrap-datepicker.min.css HTTP/1.1" 200 -
INFO _internal.py: 87 127.0.0.1 - - [18/Nov/2020 21:44:05] "GET /static/css/ihome/main.css HTTP/1.1" 200 -
INFO _internal.py: 87 127.0.0.1 - - [18/Nov/2020 21:44:05] "GET /static/css/ihome/my.css HTTP/1.1" 200 -
INFO _internal.py: 87 127.0.0.1 - - [18/Nov/2020 21:44:05] "GET /static/js/jquery.min.js HTTP/1.1" 200 -
INFO _internal.py: 87 127.0.0.1 - - [18/Nov/2020 21:44:05] "GET /static/plugins/bootstrap/js/bootstrap.min.js HTTP/1.1" 200 -
INFO _internal.py: 87 127.0.0.1 - - [18/Nov/2020 21:44:05] "GET /static/plugins/bootstrap-datepicker/js/bootstrap-datepicker.min.js HTTP/1.1" 200 -
INFO _internal.py: 87 127.0.0.1 - - [18/Nov/2020 21:44:05] "GET /static/plugins/bootstrap-datepicker/locales/bootstrap-datepicker.zh-CN.min.js HTTP/1.1" 200 -
INFO _internal.py: 87 127.0.0.1 - - [18/Nov/2020 21:44:05] "GET /static/js/ihome/my.js HTTP/1.1" 200 -
INFO _internal.py: 87 127.0.0.1 - - [18/Nov/2020 21:44:05] "GET /static/plugins/font-awesome/fonts/fontawesome-webfont.woff2?v=4.6.3 HTTP/1.1" 200 -
INFO _internal.py: 87 127.0.0.1 - - [18/Nov/2020 21:44:05] "GET /api/v1.0/user HTTP/1.1" 404 -
INFO _internal.py: 87 127.0.0.1 - - [18/Nov/2020 21:44:05] "GET /static/plugins/bootstrap/css/bootstrap.min.css.map HTTP/1.1" 200 -
INFO _internal.py: 87 127.0.0.1 - - [18/Nov/2020 21:45:00] "GET /orders.html HTTP/1.1" 200 -
INFO _internal.py: 87 127.0.0.1 - - [18/Nov/2020 21:45:00] "GET /static/plugins/bootstrap/css/bootstrap.min.css HTTP/1.1" 200 -
INFO _internal.py: 87 127.0.0.1 - - [18/Nov/2020 21:45:00] "GET /static/plugins/font-awesome/css/font-awesome.min.css HTTP/1.1" 200 -
INFO _internal.py: 87 127.0.0.1 - - [18/Nov/2020 21:45:00] "GET /static/css/reset.css HTTP/1.1" 200 -
INFO _internal.py: 87 127.0.0.1 - - [18/Nov/2020 21:45:00] "GET /static/plugins/bootstrap-datepicker/css/bootstrap-datepicker.min.css HTTP/1.1" 200 -
INFO _internal.py: 87 127.0.0.1 - - [18/Nov/2020 21:45:00] "GET /static/css/ihome/main.css HTTP/1.1" 200 -
INFO _internal.py: 87 127.0.0.1 - - [18/Nov/2020 21:45:00] "GET /static/css/ihome/orders.css HTTP/1.1" 200 -
INFO _internal.py: 87 127.0.0.1 - - [18/Nov/2020 21:45:00] "GET /static/js/jquery.min.js HTTP/1.1" 200 -
INFO _internal.py: 87 127.0.0.1 - - [18/Nov/2020 21:45:00] "GET /static/plugins/bootstrap/js/bootstrap.min.js HTTP/1.1" 200 -
INFO _internal.py: 87 127.0.0.1 - - [18/Nov/2020 21:45:00] "GET /static/plugins/bootstrap-datepicker/js/bootstrap-datepicker.min.js HTTP/1.1" 200 -
INFO _internal.py: 87 127.0.0.1 - - [18/Nov/2020 21:45:00] "GET /static/plugins/bootstrap-datepicker/locales/bootstrap-datepicker.zh-CN.min.js HTTP/1.1" 200 -
INFO _internal.py: 87 127.0.0.1 - - [18/Nov/2020 21:45:00] "GET /static/js/template.js HTTP/1.1" 200 -
INFO _internal.py: 87 127.0.0.1 - - [18/Nov/2020 21:45:00] "GET /static/js/ihome/orders.js HTTP/1.1" 200 -
INFO _internal.py: 87 127.0.0.1 - - [18/Nov/2020 21:45:00] "GET /static/plugins/font-awesome/fonts/fontawesome-webfont.woff2?v=4.6.3 HTTP/1.1" 200 -
INFO _internal.py: 87 127.0.0.1 - - [18/Nov/2020 21:45:00] "GET /static/plugins/bootstrap/css/bootstrap.min.css.map HTTP/1.1" 200 -
INFO _internal.py: 87 127.0.0.1 - - [18/Nov/2020 21:47:40] "GET /my.html HTTP/1.1" 200 -
INFO _internal.py: 87 127.0.0.1 - - [18/Nov/2020 21:47:40] "GET /static/plugins/bootstrap/css/bootstrap.min.css HTTP/1.1" 200 -
INFO _internal.py: 87 127.0.0.1 - - [18/Nov/2020 21:47:40] "GET /static/plugins/font-awesome/css/font-awesome.min.css HTTP/1.1" 200 -
INFO _internal.py: 87 127.0.0.1 - - [18/Nov/2020 21:47:40] "GET /static/css/reset.css HTTP/1.1" 200 -
INFO _internal.py: 87 127.0.0.1 - - [18/Nov/2020 21:47:40] "GET /static/plugins/bootstrap-datepicker/css/bootstrap-datepicker.min.css HTTP/1.1" 200 -
INFO _internal.py: 87 127.0.0.1 - - [18/Nov/2020 21:47:40] "GET /static/css/ihome/main.css HTTP/1.1" 200 -
INFO _internal.py: 87 127.0.0.1 - - [18/Nov/2020 21:47:40] "GET /static/css/ihome/my.css HTTP/1.1" 200 -
INFO _internal.py: 87 127.0.0.1 - - [18/Nov/2020 21:47:40] "GET /static/js/jquery.min.js HTTP/1.1" 200 -
INFO _internal.py: 87 127.0.0.1 - - [18/Nov/2020 21:47:40] "GET /static/plugins/bootstrap/js/bootstrap.min.js HTTP/1.1" 200 -
INFO _internal.py: 87 127.0.0.1 - - [18/Nov/2020 21:47:40] "GET /static/plugins/bootstrap-datepicker/js/bootstrap-datepicker.min.js HTTP/1.1" 200 -
INFO _internal.py: 87 127.0.0.1 - - [18/Nov/2020 21:47:40] "GET /static/plugins/bootstrap-datepicker/locales/bootstrap-datepicker.zh-CN.min.js HTTP/1.1" 200 -
INFO _internal.py: 87 127.0.0.1 - - [18/Nov/2020 21:47:40] "GET /static/js/ihome/my.js HTTP/1.1" 200 -
INFO _internal.py: 87 127.0.0.1 - - [18/Nov/2020 21:47:40] "GET /static/plugins/font-awesome/fonts/fontawesome-webfont.woff2?v=4.6.3 HTTP/1.1" 200 -
INFO _internal.py: 87 127.0.0.1 - - [18/Nov/2020 21:47:40] "GET /api/v1.0/user HTTP/1.1" 404 -
INFO _internal.py: 87 127.0.0.1 - - [18/Nov/2020 21:47:40] "GET /static/plugins/bootstrap/css/bootstrap.min.css.map HTTP/1.1" 200 -
INFO _internal.py: 87 127.0.0.1 - - [18/Nov/2020 21:47:41] "GET / HTTP/1.1" 200 -
INFO _internal.py: 87 127.0.0.1 - - [18/Nov/2020 21:47:41] "GET /static/plugins/bootstrap/css/bootstrap.min.css HTTP/1.1" 200 -
INFO _internal.py: 87 127.0.0.1 - - [18/Nov/2020 21:47:41] "GET /static/plugins/font-awesome/css/font-awesome.min.css HTTP/1.1" 200 -
INFO _internal.py: 87 127.0.0.1 - - [18/Nov/2020 21:47:41] "GET /static/css/reset.css HTTP/1.1" 200 -
INFO _internal.py: 87 127.0.0.1 - - [18/Nov/2020 21:47:41] "GET /static/plugins/swiper/css/swiper.min.css HTTP/1.1" 200 -
INFO _internal.py: 87 127.0.0.1 - - [18/Nov/2020 21:47:41] "GET /static/plugins/bootstrap-datepicker/css/bootstrap-datepicker.min.css HTTP/1.1" 200 -
INFO _internal.py: 87 127.0.0.1 - - [18/Nov/2020 21:47:41] "GET /static/css/ihome/main.css HTTP/1.1" 200 -
INFO _internal.py: 87 127.0.0.1 - - [18/Nov/2020 21:47:41] "GET /static/css/ihome/index.css HTTP/1.1" 200 -
INFO _internal.py: 87 127.0.0.1 - - [18/Nov/2020 21:47:41] "GET /static/js/jquery.min.js HTTP/1.1" 200 -
INFO _internal.py: 87 127.0.0.1 - - [18/Nov/2020 21:47:41] "GET /static/plugins/bootstrap/js/bootstrap.min.js HTTP/1.1" 200 -
INFO _internal.py: 87 127.0.0.1 - - [18/Nov/2020 21:47:41] "GET /static/plugins/swiper/js/swiper.jquery.min.js HTTP/1.1" 200 -
INFO _internal.py: 87 127.0.0.1 - - [18/Nov/2020 21:47:41] "GET /static/plugins/bootstrap-datepicker/js/bootstrap-datepicker.min.js HTTP/1.1" 200 -
INFO _internal.py: 87 127.0.0.1 - - [18/Nov/2020 21:47:41] "GET /static/plugins/bootstrap-datepicker/locales/bootstrap-datepicker.zh-CN.min.js HTTP/1.1" 200 -
INFO _internal.py: 87 127.0.0.1 - - [18/Nov/2020 21:47:41] "GET /static/js/template.js HTTP/1.1" 200 -
INFO _internal.py: 87 127.0.0.1 - - [18/Nov/2020 21:47:41] "GET /static/js/ihome/index.js HTTP/1.1" 200 -
INFO _internal.py: 87 127.0.0.1 - - [18/Nov/2020 21:47:41] "GET /static/images/logo@128x59.png HTTP/1.1" 200 -
INFO _internal.py: 87 127.0.0.1 - - [18/Nov/2020 21:47:41] "GET /static/plugins/font-awesome/fonts/fontawesome-webfont.woff2?v=4.6.3 HTTP/1.1" 200 -
INFO _internal.py: 87 127.0.0.1 - - [18/Nov/2020 21:47:41] "GET /static/images/home01.jpg HTTP/1.1" 200 -
INFO _internal.py: 87 127.0.0.1 - - [18/Nov/2020 21:47:41] "GET /static/images/home02.jpg HTTP/1.1" 200 -
INFO _internal.py: 87 127.0.0.1 - - [18/Nov/2020 21:47:41] "GET /static/images/home03.jpg HTTP/1.1" 200 -
INFO _internal.py: 87 127.0.0.1 - - [18/Nov/2020 21:47:41] "GET /api/v1.0/session HTTP/1.1" 404 -
INFO _internal.py: 87 127.0.0.1 - - [18/Nov/2020 21:47:41] "GET /static/plugins/bootstrap/css/bootstrap.min.css.map HTTP/1.1" 200 -
INFO _internal.py: 87 127.0.0.1 - - [18/Nov/2020 21:47:41] "GET /static/plugins/swiper/js/maps/swiper.jquery.min.js.map HTTP/1.1" 404 -
INFO _internal.py: 87 127.0.0.1 - - [18/Nov/2020 21:47:42] "GET /detail.html?id=1 HTTP/1.1" 200 -
INFO _internal.py: 87 127.0.0.1 - - [18/Nov/2020 21:47:42] "GET /static/plugins/bootstrap/css/bootstrap.min.css HTTP/1.1" 200 -
INFO _internal.py: 87 127.0.0.1 - - [18/Nov/2020 21:47:42] "GET /static/plugins/font-awesome/css/font-awesome.min.css HTTP/1.1" 200 -
INFO _internal.py: 87 127.0.0.1 - - [18/Nov/2020 21:47:42] "GET /static/css/reset.css HTTP/1.1" 200 -
INFO _internal.py: 87 127.0.0.1 - - [18/Nov/2020 21:47:42] "GET /static/plugins/swiper/css/swiper.min.css HTTP/1.1" 200 -
INFO _internal.py: 87 127.0.0.1 - - [18/Nov/2020 21:47:42] "GET /static/plugins/bootstrap-datepicker/css/bootstrap-datepicker.min.css HTTP/1.1" 200 -
INFO _internal.py: 87 127.0.0.1 - - [18/Nov/2020 21:47:42] "GET /static/css/ihome/main.css HTTP/1.1" 200 -
INFO _internal.py: 87 127.0.0.1 - - [18/Nov/2020 21:47:42] "GET /static/css/ihome/detail.css HTTP/1.1" 200 -
INFO _internal.py: 87 127.0.0.1 - - [18/Nov/2020 21:47:42] "GET /static/js/jquery.min.js HTTP/1.1" 200 -
INFO _internal.py: 87 127.0.0.1 - - [18/Nov/2020 21:47:42] "GET /static/plugins/bootstrap/js/bootstrap.min.js HTTP/1.1" 200 -
INFO _internal.py: 87 127.0.0.1 - - [18/Nov/2020 21:47:42] "GET /static/plugins/swiper/js/swiper.jquery.min.js HTTP/1.1" 200 -
INFO _internal.py: 87 127.0.0.1 - - [18/Nov/2020 21:47:42] "GET /static/plugins/bootstrap-datepicker/js/bootstrap-datepicker.min.js HTTP/1.1" 200 -
INFO _internal.py: 87 127.0.0.1 - - [18/Nov/2020 21:47:42] "GET /static/plugins/bootstrap-datepicker/locales/bootstrap-datepicker.zh-CN.min.js HTTP/1.1" 200 -
INFO _internal.py: 87 127.0.0.1 - - [18/Nov/2020 21:47:42] "GET /static/js/template.js HTTP/1.1" 200 -
INFO _internal.py: 87 127.0.0.1 - - [18/Nov/2020 21:47:42] "GET /static/js/ihome/detail.js HTTP/1.1" 200 -
INFO _internal.py: 87 127.0.0.1 - - [18/Nov/2020 21:47:42] "GET /static/images/home01.jpg HTTP/1.1" 200 -
INFO _internal.py: 87 127.0.0.1 - - [18/Nov/2020 21:47:42] "GET /static/images/home02.jpg HTTP/1.1" 200 -
INFO _internal.py: 87 127.0.0.1 - - [18/Nov/2020 21:47:42] "GET /static/images/home03.jpg HTTP/1.1" 200 -
INFO _internal.py: 87 127.0.0.1 - - [18/Nov/2020 21:47:42] "GET /static/images/landlord01.jpg HTTP/1.1" 200 -
INFO _internal.py: 87 127.0.0.1 - - [18/Nov/2020 21:47:42] "GET /static/images/houseicon_sprite.png HTTP/1.1" 200 -
INFO _internal.py: 87 127.0.0.1 - - [18/Nov/2020 21:47:42] "GET /static/plugins/font-awesome/fonts/fontawesome-webfont.woff2?v=4.6.3 HTTP/1.1" 200 -
INFO _internal.py: 87 127.0.0.1 - - [18/Nov/2020 21:47:42] "GET /static/plugins/bootstrap/css/bootstrap.min.css.map HTTP/1.1" 200 -
INFO _internal.py: 87 127.0.0.1 - - [18/Nov/2020 21:47:42] "GET /static/plugins/swiper/js/maps/swiper.jquery.min.js.map HTTP/1.1" 404 -
INFO _internal.py: 113  * Running on http://127.0.0.1:5000/ (Press CTRL+C to quit)
INFO _internal.py: 113 127.0.0.1 - - [20/Nov/2020 19:11:24] "[37mGET / HTTP/1.1[0m" 200 -
INFO _internal.py: 113 127.0.0.1 - - [20/Nov/2020 19:11:24] "[37mGET /static/plugins/bootstrap/css/bootstrap.min.css HTTP/1.1[0m" 200 -
INFO _internal.py: 113 127.0.0.1 - - [20/Nov/2020 19:11:24] "[37mGET /static/plugins/font-awesome/css/font-awesome.min.css HTTP/1.1[0m" 200 -
INFO _internal.py: 113 127.0.0.1 - - [20/Nov/2020 19:11:24] "[37mGET /static/plugins/swiper/css/swiper.min.css HTTP/1.1[0m" 200 -
INFO _internal.py: 113 127.0.0.1 - - [20/Nov/2020 19:11:24] "[37mGET /static/css/ihome/main.css HTTP/1.1[0m" 200 -
INFO _internal.py: 113 127.0.0.1 - - [20/Nov/2020 19:11:24] "[37mGET /static/css/reset.css HTTP/1.1[0m" 200 -
INFO _internal.py: 113 127.0.0.1 - - [20/Nov/2020 19:11:24] "[37mGET /static/plugins/bootstrap-datepicker/css/bootstrap-datepicker.min.css HTTP/1.1[0m" 200 -
INFO _internal.py: 113 127.0.0.1 - - [20/Nov/2020 19:11:24] "[37mGET /static/css/ihome/index.css HTTP/1.1[0m" 200 -
INFO _internal.py: 113 127.0.0.1 - - [20/Nov/2020 19:11:24] "[37mGET /static/js/jquery.min.js HTTP/1.1[0m" 200 -
INFO _internal.py: 113 127.0.0.1 - - [20/Nov/2020 19:11:24] "[37mGET /static/plugins/bootstrap/js/bootstrap.min.js HTTP/1.1[0m" 200 -
INFO _internal.py: 113 127.0.0.1 - - [20/Nov/2020 19:11:24] "[37mGET /static/plugins/swiper/js/swiper.jquery.min.js HTTP/1.1[0m" 200 -
INFO _internal.py: 113 127.0.0.1 - - [20/Nov/2020 19:11:24] "[37mGET /static/plugins/bootstrap-datepicker/js/bootstrap-datepicker.min.js HTTP/1.1[0m" 200 -
INFO _internal.py: 113 127.0.0.1 - - [20/Nov/2020 19:11:24] "[37mGET /static/js/template.js HTTP/1.1[0m" 200 -
INFO _internal.py: 113 127.0.0.1 - - [20/Nov/2020 19:11:24] "[37mGET /static/plugins/bootstrap-datepicker/locales/bootstrap-datepicker.zh-CN.min.js HTTP/1.1[0m" 200 -
INFO _internal.py: 113 127.0.0.1 - - [20/Nov/2020 19:11:24] "[37mGET /static/js/ihome/index.js HTTP/1.1[0m" 200 -
INFO _internal.py: 113 127.0.0.1 - - [20/Nov/2020 19:11:24] "[37mGET /static/plugins/font-awesome/fonts/fontawesome-webfont.woff2?v=4.6.3 HTTP/1.1[0m" 200 -
INFO _internal.py: 113 127.0.0.1 - - [20/Nov/2020 19:11:24] "[37mGET /static/images/logo@128x59.png HTTP/1.1[0m" 200 -
INFO _internal.py: 113 127.0.0.1 - - [20/Nov/2020 19:11:24] "[37mGET /static/images/home02.jpg HTTP/1.1[0m" 200 -
INFO _internal.py: 113 127.0.0.1 - - [20/Nov/2020 19:11:24] "[37mGET /static/images/home01.jpg HTTP/1.1[0m" 200 -
INFO _internal.py: 113 127.0.0.1 - - [20/Nov/2020 19:11:24] "[37mGET /static/images/home03.jpg HTTP/1.1[0m" 200 -
INFO _internal.py: 113 127.0.0.1 - - [20/Nov/2020 19:11:24] "[37mGET /static/plugins/bootstrap/css/bootstrap.min.css.map HTTP/1.1[0m" 200 -
INFO _internal.py: 113 127.0.0.1 - - [20/Nov/2020 19:11:25] "[33mGET /api/v1.0/session HTTP/1.1[0m" 404 -
INFO _internal.py: 113 127.0.0.1 - - [20/Nov/2020 19:11:25] "[33mGET /static/plugins/swiper/js/maps/swiper.jquery.min.js.map HTTP/1.1[0m" 404 -
INFO _internal.py: 113 127.0.0.1 - - [20/Nov/2020 19:11:39] "[37mGET /detail.html?id=1 HTTP/1.1[0m" 200 -
INFO _internal.py: 113 127.0.0.1 - - [20/Nov/2020 19:11:39] "[37mGET /static/plugins/font-awesome/css/font-awesome.min.css HTTP/1.1[0m" 200 -
INFO _internal.py: 113 127.0.0.1 - - [20/Nov/2020 19:11:39] "[37mGET /static/css/reset.css HTTP/1.1[0m" 200 -
INFO _internal.py: 113 127.0.0.1 - - [20/Nov/2020 19:11:39] "[37mGET /static/plugins/bootstrap-datepicker/css/bootstrap-datepicker.min.css HTTP/1.1[0m" 200 -
INFO _internal.py: 113 127.0.0.1 - - [20/Nov/2020 19:11:39] "[37mGET /static/plugins/bootstrap/css/bootstrap.min.css HTTP/1.1[0m" 200 -
INFO _internal.py: 113 127.0.0.1 - - [20/Nov/2020 19:11:39] "[37mGET /static/plugins/swiper/css/swiper.min.css HTTP/1.1[0m" 200 -
INFO _internal.py: 113 127.0.0.1 - - [20/Nov/2020 19:11:39] "[37mGET /static/css/ihome/main.css HTTP/1.1[0m" 200 -
INFO _internal.py: 113 127.0.0.1 - - [20/Nov/2020 19:11:39] "[37mGET /static/js/jquery.min.js HTTP/1.1[0m" 200 -
INFO _internal.py: 113 127.0.0.1 - - [20/Nov/2020 19:11:39] "[37mGET /static/css/ihome/detail.css HTTP/1.1[0m" 200 -
INFO _internal.py: 113 127.0.0.1 - - [20/Nov/2020 19:11:39] "[37mGET /static/plugins/bootstrap/js/bootstrap.min.js HTTP/1.1[0m" 200 -
INFO _internal.py: 113 127.0.0.1 - - [20/Nov/2020 19:11:39] "[37mGET /static/plugins/swiper/js/swiper.jquery.min.js HTTP/1.1[0m" 200 -
INFO _internal.py: 113 127.0.0.1 - - [20/Nov/2020 19:11:39] "[37mGET /static/plugins/bootstrap-datepicker/locales/bootstrap-datepicker.zh-CN.min.js HTTP/1.1[0m" 200 -
INFO _internal.py: 113 127.0.0.1 - - [20/Nov/2020 19:11:39] "[37mGET /static/plugins/bootstrap-datepicker/js/bootstrap-datepicker.min.js HTTP/1.1[0m" 200 -
INFO _internal.py: 113 127.0.0.1 - - [20/Nov/2020 19:11:39] "[37mGET /static/js/ihome/detail.js HTTP/1.1[0m" 200 -
INFO _internal.py: 113 127.0.0.1 - - [20/Nov/2020 19:11:39] "[37mGET /static/js/template.js HTTP/1.1[0m" 200 -
INFO _internal.py: 113 127.0.0.1 - - [20/Nov/2020 19:11:39] "[37mGET /static/plugins/font-awesome/fonts/fontawesome-webfont.woff2?v=4.6.3 HTTP/1.1[0m" 200 -
INFO _internal.py: 113 127.0.0.1 - - [20/Nov/2020 19:11:39] "[37mGET /static/images/home01.jpg HTTP/1.1[0m" 200 -
INFO _internal.py: 113 127.0.0.1 - - [20/Nov/2020 19:11:39] "[37mGET /static/images/home02.jpg HTTP/1.1[0m" 200 -
INFO _internal.py: 113 127.0.0.1 - - [20/Nov/2020 19:11:39] "[37mGET /static/images/home03.jpg HTTP/1.1[0m" 200 -
INFO _internal.py: 113 127.0.0.1 - - [20/Nov/2020 19:11:39] "[37mGET /static/images/landlord01.jpg HTTP/1.1[0m" 200 -
INFO _internal.py: 113 127.0.0.1 - - [20/Nov/2020 19:11:39] "[37mGET /static/images/houseicon_sprite.png HTTP/1.1[0m" 200 -
INFO _internal.py: 113 127.0.0.1 - - [20/Nov/2020 19:11:39] "[37mGET /static/plugins/bootstrap/css/bootstrap.min.css.map HTTP/1.1[0m" 200 -
INFO _internal.py: 113 127.0.0.1 - - [20/Nov/2020 19:11:39] "[33mGET /static/plugins/swiper/js/maps/swiper.jquery.min.js.map HTTP/1.1[0m" 404 -
INFO _internal.py: 113 127.0.0.1 - - [20/Nov/2020 19:11:40] "[37mGET / HTTP/1.1[0m" 200 -
INFO _internal.py: 113 127.0.0.1 - - [20/Nov/2020 19:11:40] "[37mGET /static/plugins/bootstrap/css/bootstrap.min.css HTTP/1.1[0m" 200 -
INFO _internal.py: 113 127.0.0.1 - - [20/Nov/2020 19:11:40] "[37mGET /static/plugins/bootstrap-datepicker/css/bootstrap-datepicker.min.css HTTP/1.1[0m" 200 -
INFO _internal.py: 113 127.0.0.1 - - [20/Nov/2020 19:11:40] "[37mGET /static/plugins/swiper/css/swiper.min.css HTTP/1.1[0m" 200 -
INFO _internal.py: 113 127.0.0.1 - - [20/Nov/2020 19:11:40] "[37mGET /static/css/ihome/main.css HTTP/1.1[0m" 200 -
INFO _internal.py: 113 127.0.0.1 - - [20/Nov/2020 19:11:40] "[37mGET /static/plugins/font-awesome/css/font-awesome.min.css HTTP/1.1[0m" 200 -
INFO _internal.py: 113 127.0.0.1 - - [20/Nov/2020 19:11:40] "[37mGET /static/css/reset.css HTTP/1.1[0m" 200 -
INFO _internal.py: 113 127.0.0.1 - - [20/Nov/2020 19:11:40] "[37mGET /static/css/ihome/index.css HTTP/1.1[0m" 200 -
INFO _internal.py: 113 127.0.0.1 - - [20/Nov/2020 19:11:40] "[37mGET /static/js/jquery.min.js HTTP/1.1[0m" 200 -
INFO _internal.py: 113 127.0.0.1 - - [20/Nov/2020 19:11:40] "[37mGET /static/plugins/bootstrap/js/bootstrap.min.js HTTP/1.1[0m" 200 -
INFO _internal.py: 113 127.0.0.1 - - [20/Nov/2020 19:11:40] "[37mGET /static/plugins/bootstrap-datepicker/js/bootstrap-datepicker.min.js HTTP/1.1[0m" 200 -
INFO _internal.py: 113 127.0.0.1 - - [20/Nov/2020 19:11:40] "[37mGET /static/plugins/bootstrap-datepicker/locales/bootstrap-datepicker.zh-CN.min.js HTTP/1.1[0m" 200 -
INFO _internal.py: 113 127.0.0.1 - - [20/Nov/2020 19:11:40] "[37mGET /static/plugins/swiper/js/swiper.jquery.min.js HTTP/1.1[0m" 200 -
INFO _internal.py: 113 127.0.0.1 - - [20/Nov/2020 19:11:40] "[37mGET /static/js/template.js HTTP/1.1[0m" 200 -
INFO _internal.py: 113 127.0.0.1 - - [20/Nov/2020 19:11:40] "[37mGET /static/js/ihome/index.js HTTP/1.1[0m" 200 -
INFO _internal.py: 113 127.0.0.1 - - [20/Nov/2020 19:11:40] "[37mGET /static/plugins/font-awesome/fonts/fontawesome-webfont.woff2?v=4.6.3 HTTP/1.1[0m" 200 -
INFO _internal.py: 113 127.0.0.1 - - [20/Nov/2020 19:11:40] "[37mGET /static/images/home01.jpg HTTP/1.1[0m" 200 -
INFO _internal.py: 113 127.0.0.1 - - [20/Nov/2020 19:11:40] "[37mGET /static/images/logo@128x59.png HTTP/1.1[0m" 200 -
INFO _internal.py: 113 127.0.0.1 - - [20/Nov/2020 19:11:40] "[37mGET /static/images/home03.jpg HTTP/1.1[0m" 200 -
INFO _internal.py: 113 127.0.0.1 - - [20/Nov/2020 19:11:40] "[37mGET /static/images/home02.jpg HTTP/1.1[0m" 200 -
INFO _internal.py: 113 127.0.0.1 - - [20/Nov/2020 19:11:40] "[33mGET /api/v1.0/session HTTP/1.1[0m" 404 -
INFO _internal.py: 113 127.0.0.1 - - [20/Nov/2020 19:11:40] "[37mGET /static/plugins/bootstrap/css/bootstrap.min.css.map HTTP/1.1[0m" 200 -
INFO _internal.py: 113 127.0.0.1 - - [20/Nov/2020 19:11:40] "[33mGET /static/plugins/swiper/js/maps/swiper.jquery.min.js.map HTTP/1.1[0m" 404 -
INFO _internal.py: 113  * Running on http://127.0.0.1:5000/ (Press CTRL+C to quit)
ERROR app.py: 1892 Exception on / [GET]
Traceback (most recent call last):
  File "D:\Envs\home-TEVh7XGc\lib\site-packages\redis\connection.py", line 559, in connect
    sock = self._connect()
  File "D:\Envs\home-TEVh7XGc\lib\site-packages\redis\connection.py", line 615, in _connect
    raise err
  File "D:\Envs\home-TEVh7XGc\lib\site-packages\redis\connection.py", line 603, in _connect
    sock.connect(socket_address)
ConnectionRefusedError: [WinError 10061] 由于目标计算机积极拒绝，无法连接。

During handling of the above exception, another exception occurred:

Traceback (most recent call last):
  File "D:\Envs\home-TEVh7XGc\lib\site-packages\flask\app.py", line 2446, in wsgi_app
    ctx.push()
  File "D:\Envs\home-TEVh7XGc\lib\site-packages\flask\ctx.py", line 390, in push
    self.session = session_interface.open_session(self.app, self.request)
  File "D:\Envs\home-TEVh7XGc\lib\site-packages\flask_session\sessions.py", line 132, in open_session
    val = self.redis.get(self.key_prefix + sid)
  File "D:\Envs\home-TEVh7XGc\lib\site-packages\redis\client.py", line 1606, in get
    return self.execute_command('GET', name)
  File "D:\Envs\home-TEVh7XGc\lib\site-packages\redis\client.py", line 898, in execute_command
    conn = self.connection or pool.get_connection(command_name, **options)
  File "D:\Envs\home-TEVh7XGc\lib\site-packages\redis\connection.py", line 1192, in get_connection
    connection.connect()
  File "D:\Envs\home-TEVh7XGc\lib\site-packages\redis\connection.py", line 563, in connect
    raise ConnectionError(self._error_message(e))
redis.exceptions.ConnectionError: Error 10061 connecting to 127.0.0.1:6379. 由于目标计算机积极拒绝，无法连接。.
ERROR app.py: 1976 Request finalizing failed with an error while handling an error
Traceback (most recent call last):
  File "D:\Envs\home-TEVh7XGc\lib\site-packages\redis\connection.py", line 559, in connect
    sock = self._connect()
  File "D:\Envs\home-TEVh7XGc\lib\site-packages\redis\connection.py", line 615, in _connect
    raise err
  File "D:\Envs\home-TEVh7XGc\lib\site-packages\redis\connection.py", line 603, in _connect
    sock.connect(socket_address)
ConnectionRefusedError: [WinError 10061] 由于目标计算机积极拒绝，无法连接。

During handling of the above exception, another exception occurred:

Traceback (most recent call last):
  File "D:\Envs\home-TEVh7XGc\lib\site-packages\flask\app.py", line 2446, in wsgi_app
    ctx.push()
  File "D:\Envs\home-TEVh7XGc\lib\site-packages\flask\ctx.py", line 390, in push
    self.session = session_interface.open_session(self.app, self.request)
  File "D:\Envs\home-TEVh7XGc\lib\site-packages\flask_session\sessions.py", line 132, in open_session
    val = self.redis.get(self.key_prefix + sid)
  File "D:\Envs\home-TEVh7XGc\lib\site-packages\redis\client.py", line 1606, in get
    return self.execute_command('GET', name)
  File "D:\Envs\home-TEVh7XGc\lib\site-packages\redis\client.py", line 898, in execute_command
    conn = self.connection or pool.get_connection(command_name, **options)
  File "D:\Envs\home-TEVh7XGc\lib\site-packages\redis\connection.py", line 1192, in get_connection
    connection.connect()
  File "D:\Envs\home-TEVh7XGc\lib\site-packages\redis\connection.py", line 563, in connect
    raise ConnectionError(self._error_message(e))
redis.exceptions.ConnectionError: Error 10061 connecting to 127.0.0.1:6379. 由于目标计算机积极拒绝，无法连接。.

During handling of the above exception, another exception occurred:

Traceback (most recent call last):
  File "D:\Envs\home-TEVh7XGc\lib\site-packages\flask\app.py", line 1970, in finalize_request
    response = self.process_response(response)
  File "D:\Envs\home-TEVh7XGc\lib\site-packages\flask\app.py", line 2269, in process_response
    self.session_interface.save_session(self, ctx.session, response)
  File "D:\Envs\home-TEVh7XGc\lib\site-packages\flask_session\sessions.py", line 145, in save_session
    if session.modified:
AttributeError: 'NoneType' object has no attribute 'modified'
INFO _internal.py: 113 127.0.0.1 - - [20/Nov/2020 20:02:31] "[35m[1mGET / HTTP/1.1[0m" 500 -
ERROR app.py: 1892 Exception on /static/images/logo@128x59.png [GET]
Traceback (most recent call last):
  File "D:\Envs\home-TEVh7XGc\lib\site-packages\redis\connection.py", line 559, in connect
    sock = self._connect()
  File "D:\Envs\home-TEVh7XGc\lib\site-packages\redis\connection.py", line 615, in _connect
    raise err
  File "D:\Envs\home-TEVh7XGc\lib\site-packages\redis\connection.py", line 603, in _connect
    sock.connect(socket_address)
ConnectionRefusedError: [WinError 10061] 由于目标计算机积极拒绝，无法连接。

During handling of the above exception, another exception occurred:

Traceback (most recent call last):
  File "D:\Envs\home-TEVh7XGc\lib\site-packages\flask\app.py", line 2447, in wsgi_app
    response = self.full_dispatch_request()
  File "D:\Envs\home-TEVh7XGc\lib\site-packages\flask\app.py", line 1953, in full_dispatch_request
    return self.finalize_request(rv)
  File "D:\Envs\home-TEVh7XGc\lib\site-packages\flask\app.py", line 1970, in finalize_request
    response = self.process_response(response)
  File "D:\Envs\home-TEVh7XGc\lib\site-packages\flask\app.py", line 2269, in process_response
    self.session_interface.save_session(self, ctx.session, response)
  File "D:\Envs\home-TEVh7XGc\lib\site-packages\flask_session\sessions.py", line 166, in save_session
    time=total_seconds(app.permanent_session_lifetime))
  File "D:\Envs\home-TEVh7XGc\lib\site-packages\redis\client.py", line 1822, in setex
    return self.execute_command('SETEX', name, time, value)
  File "D:\Envs\home-TEVh7XGc\lib\site-packages\redis\client.py", line 898, in execute_command
    conn = self.connection or pool.get_connection(command_name, **options)
  File "D:\Envs\home-TEVh7XGc\lib\site-packages\redis\connection.py", line 1192, in get_connection
    connection.connect()
  File "D:\Envs\home-TEVh7XGc\lib\site-packages\redis\connection.py", line 563, in connect
    raise ConnectionError(self._error_message(e))
redis.exceptions.ConnectionError: Error 10061 connecting to 127.0.0.1:6379. 由于目标计算机积极拒绝，无法连接。.
ERROR app.py: 1892 Exception on /static/images/home01.jpg [GET]
Traceback (most recent call last):
  File "D:\Envs\home-TEVh7XGc\lib\site-packages\redis\connection.py", line 559, in connect
    sock = self._connect()
  File "D:\Envs\home-TEVh7XGc\lib\site-packages\redis\connection.py", line 615, in _connect
    raise err
  File "D:\Envs\home-TEVh7XGc\lib\site-packages\redis\connection.py", line 603, in _connect
    sock.connect(socket_address)
ConnectionRefusedError: [WinError 10061] 由于目标计算机积极拒绝，无法连接。

During handling of the above exception, another exception occurred:

Traceback (most recent call last):
  File "D:\Envs\home-TEVh7XGc\lib\site-packages\flask\app.py", line 2447, in wsgi_app
    response = self.full_dispatch_request()
  File "D:\Envs\home-TEVh7XGc\lib\site-packages\flask\app.py", line 1953, in full_dispatch_request
    return self.finalize_request(rv)
  File "D:\Envs\home-TEVh7XGc\lib\site-packages\flask\app.py", line 1970, in finalize_request
    response = self.process_response(response)
  File "D:\Envs\home-TEVh7XGc\lib\site-packages\flask\app.py", line 2269, in process_response
    self.session_interface.save_session(self, ctx.session, response)
  File "D:\Envs\home-TEVh7XGc\lib\site-packages\flask_session\sessions.py", line 166, in save_session
    time=total_seconds(app.permanent_session_lifetime))
  File "D:\Envs\home-TEVh7XGc\lib\site-packages\redis\client.py", line 1822, in setex
    return self.execute_command('SETEX', name, time, value)
  File "D:\Envs\home-TEVh7XGc\lib\site-packages\redis\client.py", line 898, in execute_command
    conn = self.connection or pool.get_connection(command_name, **options)
  File "D:\Envs\home-TEVh7XGc\lib\site-packages\redis\connection.py", line 1192, in get_connection
    connection.connect()
  File "D:\Envs\home-TEVh7XGc\lib\site-packages\redis\connection.py", line 563, in connect
    raise ConnectionError(self._error_message(e))
redis.exceptions.ConnectionError: Error 10061 connecting to 127.0.0.1:6379. 由于目标计算机积极拒绝，无法连接。.
ERROR app.py: 1892 Exception on /static/images/home03.jpg [GET]
Traceback (most recent call last):
  File "D:\Envs\home-TEVh7XGc\lib\site-packages\redis\connection.py", line 559, in connect
    sock = self._connect()
  File "D:\Envs\home-TEVh7XGc\lib\site-packages\redis\connection.py", line 615, in _connect
    raise err
  File "D:\Envs\home-TEVh7XGc\lib\site-packages\redis\connection.py", line 603, in _connect
    sock.connect(socket_address)
ConnectionRefusedError: [WinError 10061] 由于目标计算机积极拒绝，无法连接。

During handling of the above exception, another exception occurred:

Traceback (most recent call last):
  File "D:\Envs\home-TEVh7XGc\lib\site-packages\flask\app.py", line 2447, in wsgi_app
    response = self.full_dispatch_request()
  File "D:\Envs\home-TEVh7XGc\lib\site-packages\flask\app.py", line 1953, in full_dispatch_request
    return self.finalize_request(rv)
  File "D:\Envs\home-TEVh7XGc\lib\site-packages\flask\app.py", line 1970, in finalize_request
    response = self.process_response(response)
  File "D:\Envs\home-TEVh7XGc\lib\site-packages\flask\app.py", line 2269, in process_response
    self.session_interface.save_session(self, ctx.session, response)
  File "D:\Envs\home-TEVh7XGc\lib\site-packages\flask_session\sessions.py", line 166, in save_session
    time=total_seconds(app.permanent_session_lifetime))
  File "D:\Envs\home-TEVh7XGc\lib\site-packages\redis\client.py", line 1822, in setex
    return self.execute_command('SETEX', name, time, value)
  File "D:\Envs\home-TEVh7XGc\lib\site-packages\redis\client.py", line 898, in execute_command
    conn = self.connection or pool.get_connection(command_name, **options)
  File "D:\Envs\home-TEVh7XGc\lib\site-packages\redis\connection.py", line 1192, in get_connection
    connection.connect()
  File "D:\Envs\home-TEVh7XGc\lib\site-packages\redis\connection.py", line 563, in connect
    raise ConnectionError(self._error_message(e))
redis.exceptions.ConnectionError: Error 10061 connecting to 127.0.0.1:6379. 由于目标计算机积极拒绝，无法连接。.
ERROR app.py: 1892 Exception on /static/images/home02.jpg [GET]
Traceback (most recent call last):
  File "D:\Envs\home-TEVh7XGc\lib\site-packages\redis\connection.py", line 559, in connect
    sock = self._connect()
  File "D:\Envs\home-TEVh7XGc\lib\site-packages\redis\connection.py", line 615, in _connect
    raise err
  File "D:\Envs\home-TEVh7XGc\lib\site-packages\redis\connection.py", line 603, in _connect
    sock.connect(socket_address)
ConnectionRefusedError: [WinError 10061] 由于目标计算机积极拒绝，无法连接。

During handling of the above exception, another exception occurred:

Traceback (most recent call last):
  File "D:\Envs\home-TEVh7XGc\lib\site-packages\flask\app.py", line 2447, in wsgi_app
    response = self.full_dispatch_request()
  File "D:\Envs\home-TEVh7XGc\lib\site-packages\flask\app.py", line 1953, in full_dispatch_request
    return self.finalize_request(rv)
  File "D:\Envs\home-TEVh7XGc\lib\site-packages\flask\app.py", line 1970, in finalize_request
    response = self.process_response(response)
  File "D:\Envs\home-TEVh7XGc\lib\site-packages\flask\app.py", line 2269, in process_response
    self.session_interface.save_session(self, ctx.session, response)
  File "D:\Envs\home-TEVh7XGc\lib\site-packages\flask_session\sessions.py", line 166, in save_session
    time=total_seconds(app.permanent_session_lifetime))
  File "D:\Envs\home-TEVh7XGc\lib\site-packages\redis\client.py", line 1822, in setex
    return self.execute_command('SETEX', name, time, value)
  File "D:\Envs\home-TEVh7XGc\lib\site-packages\redis\client.py", line 898, in execute_command
    conn = self.connection or pool.get_connection(command_name, **options)
  File "D:\Envs\home-TEVh7XGc\lib\site-packages\redis\connection.py", line 1192, in get_connection
    connection.connect()
  File "D:\Envs\home-TEVh7XGc\lib\site-packages\redis\connection.py", line 563, in connect
    raise ConnectionError(self._error_message(e))
redis.exceptions.ConnectionError: Error 10061 connecting to 127.0.0.1:6379. 由于目标计算机积极拒绝，无法连接。.
ERROR app.py: 1976 Request finalizing failed with an error while handling an error
Traceback (most recent call last):
  File "D:\Envs\home-TEVh7XGc\lib\site-packages\redis\connection.py", line 559, in connect
    sock = self._connect()
  File "D:\Envs\home-TEVh7XGc\lib\site-packages\redis\connection.py", line 615, in _connect
    raise err
  File "D:\Envs\home-TEVh7XGc\lib\site-packages\redis\connection.py", line 603, in _connect
    sock.connect(socket_address)
ConnectionRefusedError: [WinError 10061] 由于目标计算机积极拒绝，无法连接。

During handling of the above exception, another exception occurred:

Traceback (most recent call last):
  File "D:\Envs\home-TEVh7XGc\lib\site-packages\flask\app.py", line 2447, in wsgi_app
    response = self.full_dispatch_request()
  File "D:\Envs\home-TEVh7XGc\lib\site-packages\flask\app.py", line 1953, in full_dispatch_request
    return self.finalize_request(rv)
  File "D:\Envs\home-TEVh7XGc\lib\site-packages\flask\app.py", line 1970, in finalize_request
    response = self.process_response(response)
  File "D:\Envs\home-TEVh7XGc\lib\site-packages\flask\app.py", line 2269, in process_response
    self.session_interface.save_session(self, ctx.session, response)
  File "D:\Envs\home-TEVh7XGc\lib\site-packages\flask_session\sessions.py", line 166, in save_session
    time=total_seconds(app.permanent_session_lifetime))
  File "D:\Envs\home-TEVh7XGc\lib\site-packages\redis\client.py", line 1822, in setex
    return self.execute_command('SETEX', name, time, value)
  File "D:\Envs\home-TEVh7XGc\lib\site-packages\redis\client.py", line 898, in execute_command
    conn = self.connection or pool.get_connection(command_name, **options)
  File "D:\Envs\home-TEVh7XGc\lib\site-packages\redis\connection.py", line 1192, in get_connection
    connection.connect()
  File "D:\Envs\home-TEVh7XGc\lib\site-packages\redis\connection.py", line 563, in connect
    raise ConnectionError(self._error_message(e))
redis.exceptions.ConnectionError: Error 10061 connecting to 127.0.0.1:6379. 由于目标计算机积极拒绝，无法连接。.

During handling of the above exception, another exception occurred:

Traceback (most recent call last):
  File "D:\Envs\home-TEVh7XGc\lib\site-packages\redis\connection.py", line 559, in connect
    sock = self._connect()
  File "D:\Envs\home-TEVh7XGc\lib\site-packages\redis\connection.py", line 615, in _connect
    raise err
  File "D:\Envs\home-TEVh7XGc\lib\site-packages\redis\connection.py", line 603, in _connect
    sock.connect(socket_address)
ConnectionRefusedError: [WinError 10061] 由于目标计算机积极拒绝，无法连接。

During handling of the above exception, another exception occurred:

Traceback (most recent call last):
  File "D:\Envs\home-TEVh7XGc\lib\site-packages\flask\app.py", line 1970, in finalize_request
    response = self.process_response(response)
  File "D:\Envs\home-TEVh7XGc\lib\site-packages\flask\app.py", line 2269, in process_response
    self.session_interface.save_session(self, ctx.session, response)
  File "D:\Envs\home-TEVh7XGc\lib\site-packages\flask_session\sessions.py", line 166, in save_session
    time=total_seconds(app.permanent_session_lifetime))
  File "D:\Envs\home-TEVh7XGc\lib\site-packages\redis\client.py", line 1822, in setex
    return self.execute_command('SETEX', name, time, value)
  File "D:\Envs\home-TEVh7XGc\lib\site-packages\redis\client.py", line 898, in execute_command
    conn = self.connection or pool.get_connection(command_name, **options)
  File "D:\Envs\home-TEVh7XGc\lib\site-packages\redis\connection.py", line 1192, in get_connection
    connection.connect()
  File "D:\Envs\home-TEVh7XGc\lib\site-packages\redis\connection.py", line 563, in connect
    raise ConnectionError(self._error_message(e))
redis.exceptions.ConnectionError: Error 10061 connecting to 127.0.0.1:6379. 由于目标计算机积极拒绝，无法连接。.
ERROR app.py: 1976 Request finalizing failed with an error while handling an error
Traceback (most recent call last):
  File "D:\Envs\home-TEVh7XGc\lib\site-packages\redis\connection.py", line 559, in connect
    sock = self._connect()
  File "D:\Envs\home-TEVh7XGc\lib\site-packages\redis\connection.py", line 615, in _connect
    raise err
  File "D:\Envs\home-TEVh7XGc\lib\site-packages\redis\connection.py", line 603, in _connect
    sock.connect(socket_address)
ConnectionRefusedError: [WinError 10061] 由于目标计算机积极拒绝，无法连接。

During handling of the above exception, another exception occurred:

Traceback (most recent call last):
  File "D:\Envs\home-TEVh7XGc\lib\site-packages\flask\app.py", line 2447, in wsgi_app
    response = self.full_dispatch_request()
  File "D:\Envs\home-TEVh7XGc\lib\site-packages\flask\app.py", line 1953, in full_dispatch_request
    return self.finalize_request(rv)
  File "D:\Envs\home-TEVh7XGc\lib\site-packages\flask\app.py", line 1970, in finalize_request
    response = self.process_response(response)
  File "D:\Envs\home-TEVh7XGc\lib\site-packages\flask\app.py", line 2269, in process_response
    self.session_interface.save_session(self, ctx.session, response)
  File "D:\Envs\home-TEVh7XGc\lib\site-packages\flask_session\sessions.py", line 166, in save_session
    time=total_seconds(app.permanent_session_lifetime))
  File "D:\Envs\home-TEVh7XGc\lib\site-packages\redis\client.py", line 1822, in setex
    return self.execute_command('SETEX', name, time, value)
  File "D:\Envs\home-TEVh7XGc\lib\site-packages\redis\client.py", line 898, in execute_command
    conn = self.connection or pool.get_connection(command_name, **options)
  File "D:\Envs\home-TEVh7XGc\lib\site-packages\redis\connection.py", line 1192, in get_connection
    connection.connect()
  File "D:\Envs\home-TEVh7XGc\lib\site-packages\redis\connection.py", line 563, in connect
    raise ConnectionError(self._error_message(e))
redis.exceptions.ConnectionError: Error 10061 connecting to 127.0.0.1:6379. 由于目标计算机积极拒绝，无法连接。.

During handling of the above exception, another exception occurred:

Traceback (most recent call last):
  File "D:\Envs\home-TEVh7XGc\lib\site-packages\redis\connection.py", line 559, in connect
    sock = self._connect()
  File "D:\Envs\home-TEVh7XGc\lib\site-packages\redis\connection.py", line 615, in _connect
    raise err
  File "D:\Envs\home-TEVh7XGc\lib\site-packages\redis\connection.py", line 603, in _connect
    sock.connect(socket_address)
ConnectionRefusedError: [WinError 10061] 由于目标计算机积极拒绝，无法连接。

During handling of the above exception, another exception occurred:

Traceback (most recent call last):
  File "D:\Envs\home-TEVh7XGc\lib\site-packages\flask\app.py", line 1970, in finalize_request
    response = self.process_response(response)
  File "D:\Envs\home-TEVh7XGc\lib\site-packages\flask\app.py", line 2269, in process_response
    self.session_interface.save_session(self, ctx.session, response)
  File "D:\Envs\home-TEVh7XGc\lib\site-packages\flask_session\sessions.py", line 166, in save_session
    time=total_seconds(app.permanent_session_lifetime))
  File "D:\Envs\home-TEVh7XGc\lib\site-packages\redis\client.py", line 1822, in setex
    return self.execute_command('SETEX', name, time, value)
  File "D:\Envs\home-TEVh7XGc\lib\site-packages\redis\client.py", line 898, in execute_command
    conn = self.connection or pool.get_connection(command_name, **options)
  File "D:\Envs\home-TEVh7XGc\lib\site-packages\redis\connection.py", line 1192, in get_connection
    connection.connect()
  File "D:\Envs\home-TEVh7XGc\lib\site-packages\redis\connection.py", line 563, in connect
    raise ConnectionError(self._error_message(e))
redis.exceptions.ConnectionError: Error 10061 connecting to 127.0.0.1:6379. 由于目标计算机积极拒绝，无法连接。.
ERROR app.py: 1976 Request finalizing failed with an error while handling an error
Traceback (most recent call last):
  File "D:\Envs\home-TEVh7XGc\lib\site-packages\redis\connection.py", line 559, in connect
    sock = self._connect()
  File "D:\Envs\home-TEVh7XGc\lib\site-packages\redis\connection.py", line 615, in _connect
    raise err
  File "D:\Envs\home-TEVh7XGc\lib\site-packages\redis\connection.py", line 603, in _connect
    sock.connect(socket_address)
ConnectionRefusedError: [WinError 10061] 由于目标计算机积极拒绝，无法连接。

During handling of the above exception, another exception occurred:

Traceback (most recent call last):
  File "D:\Envs\home-TEVh7XGc\lib\site-packages\flask\app.py", line 2447, in wsgi_app
    response = self.full_dispatch_request()
  File "D:\Envs\home-TEVh7XGc\lib\site-packages\flask\app.py", line 1953, in full_dispatch_request
    return self.finalize_request(rv)
  File "D:\Envs\home-TEVh7XGc\lib\site-packages\flask\app.py", line 1970, in finalize_request
    response = self.process_response(response)
  File "D:\Envs\home-TEVh7XGc\lib\site-packages\flask\app.py", line 2269, in process_response
    self.session_interface.save_session(self, ctx.session, response)
  File "D:\Envs\home-TEVh7XGc\lib\site-packages\flask_session\sessions.py", line 166, in save_session
    time=total_seconds(app.permanent_session_lifetime))
  File "D:\Envs\home-TEVh7XGc\lib\site-packages\redis\client.py", line 1822, in setex
    return self.execute_command('SETEX', name, time, value)
  File "D:\Envs\home-TEVh7XGc\lib\site-packages\redis\client.py", line 898, in execute_command
    conn = self.connection or pool.get_connection(command_name, **options)
  File "D:\Envs\home-TEVh7XGc\lib\site-packages\redis\connection.py", line 1192, in get_connection
    connection.connect()
  File "D:\Envs\home-TEVh7XGc\lib\site-packages\redis\connection.py", line 563, in connect
    raise ConnectionError(self._error_message(e))
redis.exceptions.ConnectionError: Error 10061 connecting to 127.0.0.1:6379. 由于目标计算机积极拒绝，无法连接。.

During handling of the above exception, another exception occurred:

Traceback (most recent call last):
  File "D:\Envs\home-TEVh7XGc\lib\site-packages\redis\connection.py", line 559, in connect
    sock = self._connect()
  File "D:\Envs\home-TEVh7XGc\lib\site-packages\redis\connection.py", line 615, in _connect
    raise err
  File "D:\Envs\home-TEVh7XGc\lib\site-packages\redis\connection.py", line 603, in _connect
    sock.connect(socket_address)
ConnectionRefusedError: [WinError 10061] 由于目标计算机积极拒绝，无法连接。

During handling of the above exception, another exception occurred:

Traceback (most recent call last):
  File "D:\Envs\home-TEVh7XGc\lib\site-packages\flask\app.py", line 1970, in finalize_request
    response = self.process_response(response)
  File "D:\Envs\home-TEVh7XGc\lib\site-packages\flask\app.py", line 2269, in process_response
    self.session_interface.save_session(self, ctx.session, response)
  File "D:\Envs\home-TEVh7XGc\lib\site-packages\flask_session\sessions.py", line 166, in save_session
    time=total_seconds(app.permanent_session_lifetime))
  File "D:\Envs\home-TEVh7XGc\lib\site-packages\redis\client.py", line 1822, in setex
    return self.execute_command('SETEX', name, time, value)
  File "D:\Envs\home-TEVh7XGc\lib\site-packages\redis\client.py", line 898, in execute_command
    conn = self.connection or pool.get_connection(command_name, **options)
  File "D:\Envs\home-TEVh7XGc\lib\site-packages\redis\connection.py", line 1192, in get_connection
    connection.connect()
  File "D:\Envs\home-TEVh7XGc\lib\site-packages\redis\connection.py", line 563, in connect
    raise ConnectionError(self._error_message(e))
redis.exceptions.ConnectionError: Error 10061 connecting to 127.0.0.1:6379. 由于目标计算机积极拒绝，无法连接。.
INFO _internal.py: 113 127.0.0.1 - - [20/Nov/2020 20:02:39] "[35m[1mGET /static/images/home01.jpg HTTP/1.1[0m" 500 -
INFO _internal.py: 113 127.0.0.1 - - [20/Nov/2020 20:02:39] "[35m[1mGET /static/images/logo@128x59.png HTTP/1.1[0m" 500 -
ERROR app.py: 1976 Request finalizing failed with an error while handling an error
Traceback (most recent call last):
  File "D:\Envs\home-TEVh7XGc\lib\site-packages\redis\connection.py", line 559, in connect
    sock = self._connect()
  File "D:\Envs\home-TEVh7XGc\lib\site-packages\redis\connection.py", line 615, in _connect
    raise err
  File "D:\Envs\home-TEVh7XGc\lib\site-packages\redis\connection.py", line 603, in _connect
    sock.connect(socket_address)
ConnectionRefusedError: [WinError 10061] 由于目标计算机积极拒绝，无法连接。

During handling of the above exception, another exception occurred:

Traceback (most recent call last):
  File "D:\Envs\home-TEVh7XGc\lib\site-packages\flask\app.py", line 2447, in wsgi_app
    response = self.full_dispatch_request()
  File "D:\Envs\home-TEVh7XGc\lib\site-packages\flask\app.py", line 1953, in full_dispatch_request
    return self.finalize_request(rv)
  File "D:\Envs\home-TEVh7XGc\lib\site-packages\flask\app.py", line 1970, in finalize_request
    response = self.process_response(response)
  File "D:\Envs\home-TEVh7XGc\lib\site-packages\flask\app.py", line 2269, in process_response
    self.session_interface.save_session(self, ctx.session, response)
  File "D:\Envs\home-TEVh7XGc\lib\site-packages\flask_session\sessions.py", line 166, in save_session
    time=total_seconds(app.permanent_session_lifetime))
  File "D:\Envs\home-TEVh7XGc\lib\site-packages\redis\client.py", line 1822, in setex
    return self.execute_command('SETEX', name, time, value)
  File "D:\Envs\home-TEVh7XGc\lib\site-packages\redis\client.py", line 898, in execute_command
    conn = self.connection or pool.get_connection(command_name, **options)
  File "D:\Envs\home-TEVh7XGc\lib\site-packages\redis\connection.py", line 1192, in get_connection
    connection.connect()
  File "D:\Envs\home-TEVh7XGc\lib\site-packages\redis\connection.py", line 563, in connect
    raise ConnectionError(self._error_message(e))
redis.exceptions.ConnectionError: Error 10061 connecting to 127.0.0.1:6379. 由于目标计算机积极拒绝，无法连接。.

During handling of the above exception, another exception occurred:

Traceback (most recent call last):
  File "D:\Envs\home-TEVh7XGc\lib\site-packages\redis\connection.py", line 559, in connect
    sock = self._connect()
  File "D:\Envs\home-TEVh7XGc\lib\site-packages\redis\connection.py", line 615, in _connect
    raise err
  File "D:\Envs\home-TEVh7XGc\lib\site-packages\redis\connection.py", line 603, in _connect
    sock.connect(socket_address)
ConnectionRefusedError: [WinError 10061] 由于目标计算机积极拒绝，无法连接。

During handling of the above exception, another exception occurred:

Traceback (most recent call last):
  File "D:\Envs\home-TEVh7XGc\lib\site-packages\flask\app.py", line 1970, in finalize_request
    response = self.process_response(response)
  File "D:\Envs\home-TEVh7XGc\lib\site-packages\flask\app.py", line 2269, in process_response
    self.session_interface.save_session(self, ctx.session, response)
  File "D:\Envs\home-TEVh7XGc\lib\site-packages\flask_session\sessions.py", line 166, in save_session
    time=total_seconds(app.permanent_session_lifetime))
  File "D:\Envs\home-TEVh7XGc\lib\site-packages\redis\client.py", line 1822, in setex
    return self.execute_command('SETEX', name, time, value)
  File "D:\Envs\home-TEVh7XGc\lib\site-packages\redis\client.py", line 898, in execute_command
    conn = self.connection or pool.get_connection(command_name, **options)
  File "D:\Envs\home-TEVh7XGc\lib\site-packages\redis\connection.py", line 1192, in get_connection
    connection.connect()
  File "D:\Envs\home-TEVh7XGc\lib\site-packages\redis\connection.py", line 563, in connect
    raise ConnectionError(self._error_message(e))
redis.exceptions.ConnectionError: Error 10061 connecting to 127.0.0.1:6379. 由于目标计算机积极拒绝，无法连接。.
INFO _internal.py: 113 127.0.0.1 - - [20/Nov/2020 20:02:39] "[35m[1mGET /static/images/home03.jpg HTTP/1.1[0m" 500 -
INFO _internal.py: 113 127.0.0.1 - - [20/Nov/2020 20:02:39] "[35m[1mGET /static/images/home02.jpg HTTP/1.1[0m" 500 -
INFO _internal.py: 113  * Running on http://127.0.0.1:5000/ (Press CTRL+C to quit)
INFO _internal.py: 113 127.0.0.1 - - [20/Nov/2020 20:04:35] "[37mGET / HTTP/1.1[0m" 200 -
INFO _internal.py: 113 127.0.0.1 - - [20/Nov/2020 20:04:35] "[37mGET /static/plugins/bootstrap/css/bootstrap.min.css HTTP/1.1[0m" 200 -
INFO _internal.py: 113 127.0.0.1 - - [20/Nov/2020 20:04:35] "[37mGET /static/plugins/font-awesome/css/font-awesome.min.css HTTP/1.1[0m" 200 -
INFO _internal.py: 113 127.0.0.1 - - [20/Nov/2020 20:04:35] "[37mGET /static/plugins/swiper/css/swiper.min.css HTTP/1.1[0m" 200 -
INFO _internal.py: 113 127.0.0.1 - - [20/Nov/2020 20:04:35] "[37mGET /static/css/reset.css HTTP/1.1[0m" 200 -
INFO _internal.py: 113 127.0.0.1 - - [20/Nov/2020 20:04:35] "[37mGET /static/plugins/bootstrap-datepicker/css/bootstrap-datepicker.min.css HTTP/1.1[0m" 200 -
INFO _internal.py: 113 127.0.0.1 - - [20/Nov/2020 20:04:35] "[37mGET /static/css/ihome/index.css HTTP/1.1[0m" 200 -
INFO _internal.py: 113 127.0.0.1 - - [20/Nov/2020 20:04:35] "[37mGET /static/css/ihome/main.css HTTP/1.1[0m" 200 -
INFO _internal.py: 113 127.0.0.1 - - [20/Nov/2020 20:04:35] "[37mGET /static/js/jquery.min.js HTTP/1.1[0m" 200 -
INFO _internal.py: 113 127.0.0.1 - - [20/Nov/2020 20:04:35] "[37mGET /static/plugins/bootstrap/js/bootstrap.min.js HTTP/1.1[0m" 200 -
INFO _internal.py: 113 127.0.0.1 - - [20/Nov/2020 20:04:35] "[37mGET /static/plugins/swiper/js/swiper.jquery.min.js HTTP/1.1[0m" 200 -
INFO _internal.py: 113 127.0.0.1 - - [20/Nov/2020 20:04:35] "[37mGET /static/plugins/bootstrap-datepicker/js/bootstrap-datepicker.min.js HTTP/1.1[0m" 200 -
INFO _internal.py: 113 127.0.0.1 - - [20/Nov/2020 20:04:35] "[37mGET /static/plugins/bootstrap-datepicker/locales/bootstrap-datepicker.zh-CN.min.js HTTP/1.1[0m" 200 -
INFO _internal.py: 113 127.0.0.1 - - [20/Nov/2020 20:04:35] "[37mGET /static/js/ihome/index.js HTTP/1.1[0m" 200 -
INFO _internal.py: 113 127.0.0.1 - - [20/Nov/2020 20:04:35] "[37mGET /static/js/template.js HTTP/1.1[0m" 200 -
INFO _internal.py: 113 127.0.0.1 - - [20/Nov/2020 20:04:35] "[37mGET /static/images/logo@128x59.png HTTP/1.1[0m" 200 -
INFO _internal.py: 113 127.0.0.1 - - [20/Nov/2020 20:04:35] "[37mGET /static/images/home01.jpg HTTP/1.1[0m" 200 -
INFO _internal.py: 113 127.0.0.1 - - [20/Nov/2020 20:04:35] "[37mGET /static/plugins/font-awesome/fonts/fontawesome-webfont.woff2?v=4.6.3 HTTP/1.1[0m" 200 -
INFO _internal.py: 113 127.0.0.1 - - [20/Nov/2020 20:04:35] "[37mGET /static/images/home02.jpg HTTP/1.1[0m" 200 -
INFO _internal.py: 113 127.0.0.1 - - [20/Nov/2020 20:04:35] "[37mGET /static/images/home03.jpg HTTP/1.1[0m" 200 -
INFO _internal.py: 113 127.0.0.1 - - [20/Nov/2020 20:04:35] "[37mGET /static/images/home01.jpg HTTP/1.1[0m" 200 -
INFO _internal.py: 113 127.0.0.1 - - [20/Nov/2020 20:04:35] "[37mGET /static/images/logo@128x59.png HTTP/1.1[0m" 200 -
INFO _internal.py: 113 127.0.0.1 - - [20/Nov/2020 20:04:35] "[37mGET /static/images/home02.jpg HTTP/1.1[0m" 200 -
INFO _internal.py: 113 127.0.0.1 - - [20/Nov/2020 20:04:35] "[37mGET /static/images/home03.jpg HTTP/1.1[0m" 200 -
INFO _internal.py: 113 127.0.0.1 - - [20/Nov/2020 20:04:35] "[33mGET /api/v1.0/session HTTP/1.1[0m" 404 -
INFO _internal.py: 113 127.0.0.1 - - [20/Nov/2020 20:04:35] "[37mGET /static/plugins/bootstrap/css/bootstrap.min.css.map HTTP/1.1[0m" 200 -
INFO _internal.py: 113 127.0.0.1 - - [20/Nov/2020 20:04:35] "[33mGET /static/plugins/swiper/js/maps/swiper.jquery.min.js.map HTTP/1.1[0m" 404 -
INFO _internal.py: 113  * Running on http://127.0.0.1:5000/ (Press CTRL+C to quit)
INFO _internal.py: 113 127.0.0.1 - - [20/Nov/2020 20:32:46] "[37mGET / HTTP/1.1[0m" 200 -
INFO _internal.py: 113 127.0.0.1 - - [20/Nov/2020 20:32:46] "[37mGET /static/plugins/bootstrap/css/bootstrap.min.css HTTP/1.1[0m" 200 -
INFO _internal.py: 113 127.0.0.1 - - [20/Nov/2020 20:32:46] "[37mGET /static/css/reset.css HTTP/1.1[0m" 200 -
INFO _internal.py: 113 127.0.0.1 - - [20/Nov/2020 20:32:46] "[37mGET /static/plugins/swiper/css/swiper.min.css HTTP/1.1[0m" 200 -
INFO _internal.py: 113 127.0.0.1 - - [20/Nov/2020 20:32:46] "[37mGET /static/plugins/font-awesome/css/font-awesome.min.css HTTP/1.1[0m" 200 -
INFO _internal.py: 113 127.0.0.1 - - [20/Nov/2020 20:32:46] "[37mGET /static/plugins/bootstrap-datepicker/css/bootstrap-datepicker.min.css HTTP/1.1[0m" 200 -
INFO _internal.py: 113 127.0.0.1 - - [20/Nov/2020 20:32:46] "[37mGET /static/css/ihome/main.css HTTP/1.1[0m" 200 -
INFO _internal.py: 113 127.0.0.1 - - [20/Nov/2020 20:32:46] "[37mGET /static/css/ihome/index.css HTTP/1.1[0m" 200 -
INFO _internal.py: 113 127.0.0.1 - - [20/Nov/2020 20:32:46] "[37mGET /static/js/jquery.min.js HTTP/1.1[0m" 200 -
INFO _internal.py: 113 127.0.0.1 - - [20/Nov/2020 20:32:46] "[37mGET /static/plugins/swiper/js/swiper.jquery.min.js HTTP/1.1[0m" 200 -
INFO _internal.py: 113 127.0.0.1 - - [20/Nov/2020 20:32:46] "[37mGET /static/plugins/bootstrap/js/bootstrap.min.js HTTP/1.1[0m" 200 -
INFO _internal.py: 113 127.0.0.1 - - [20/Nov/2020 20:32:46] "[37mGET /static/plugins/bootstrap-datepicker/js/bootstrap-datepicker.min.js HTTP/1.1[0m" 200 -
INFO _internal.py: 113 127.0.0.1 - - [20/Nov/2020 20:32:46] "[37mGET /static/plugins/font-awesome/fonts/fontawesome-webfont.woff2?v=4.6.3 HTTP/1.1[0m" 200 -
INFO _internal.py: 113 127.0.0.1 - - [20/Nov/2020 20:32:46] "[37mGET /static/plugins/bootstrap-datepicker/locales/bootstrap-datepicker.zh-CN.min.js HTTP/1.1[0m" 200 -
INFO _internal.py: 113 127.0.0.1 - - [20/Nov/2020 20:32:46] "[37mGET /static/js/template.js HTTP/1.1[0m" 200 -
INFO _internal.py: 113 127.0.0.1 - - [20/Nov/2020 20:32:46] "[37mGET /static/js/ihome/index.js HTTP/1.1[0m" 200 -
INFO _internal.py: 113 127.0.0.1 - - [20/Nov/2020 20:32:46] "[37mGET /static/images/home01.jpg HTTP/1.1[0m" 200 -
INFO _internal.py: 113 127.0.0.1 - - [20/Nov/2020 20:32:46] "[37mGET /static/images/logo@128x59.png HTTP/1.1[0m" 200 -
INFO _internal.py: 113 127.0.0.1 - - [20/Nov/2020 20:32:46] "[33mGET /api/v1.0/session HTTP/1.1[0m" 404 -
INFO _internal.py: 113 127.0.0.1 - - [20/Nov/2020 20:32:46] "[37mGET /static/images/home02.jpg HTTP/1.1[0m" 200 -
INFO _internal.py: 113 127.0.0.1 - - [20/Nov/2020 20:32:46] "[37mGET /static/images/home03.jpg HTTP/1.1[0m" 200 -
INFO _internal.py: 113 127.0.0.1 - - [20/Nov/2020 20:32:46] "[37mGET /static/plugins/bootstrap/css/bootstrap.min.css.map HTTP/1.1[0m" 200 -
INFO _internal.py: 113 127.0.0.1 - - [20/Nov/2020 20:32:46] "[33mGET /static/plugins/swiper/js/maps/swiper.jquery.min.js.map HTTP/1.1[0m" 404 -
INFO _internal.py: 113 127.0.0.1 - - [20/Nov/2020 20:32:50] "[37mGET /register.html HTTP/1.1[0m" 200 -
INFO _internal.py: 113 127.0.0.1 - - [20/Nov/2020 20:32:50] "[37mGET /static/plugins/bootstrap/css/bootstrap.min.css HTTP/1.1[0m" 200 -
INFO _internal.py: 113 127.0.0.1 - - [20/Nov/2020 20:32:50] "[37mGET /static/css/ihome/main.css HTTP/1.1[0m" 200 -
INFO _internal.py: 113 127.0.0.1 - - [20/Nov/2020 20:32:50] "[37mGET /static/plugins/font-awesome/css/font-awesome.min.css HTTP/1.1[0m" 200 -
INFO _internal.py: 113 127.0.0.1 - - [20/Nov/2020 20:32:50] "[37mGET /static/css/reset.css HTTP/1.1[0m" 200 -
INFO _internal.py: 113 127.0.0.1 - - [20/Nov/2020 20:32:50] "[37mGET /static/css/ihome/register.css HTTP/1.1[0m" 200 -
INFO _internal.py: 113 127.0.0.1 - - [20/Nov/2020 20:32:50] "[37mGET /static/js/jquery.min.js HTTP/1.1[0m" 200 -
INFO _internal.py: 113 127.0.0.1 - - [20/Nov/2020 20:32:50] "[37mGET /static/plugins/bootstrap/js/bootstrap.min.js HTTP/1.1[0m" 200 -
INFO _internal.py: 113 127.0.0.1 - - [20/Nov/2020 20:32:50] "[37mGET /static/images/logo@128x59.png HTTP/1.1[0m" 200 -
INFO _internal.py: 113 127.0.0.1 - - [20/Nov/2020 20:32:50] "[37mGET /static/js/ihome/register.js HTTP/1.1[0m" 200 -
INFO _internal.py: 113 127.0.0.1 - - [20/Nov/2020 20:32:50] "[37mGET /static/plugins/font-awesome/fonts/fontawesome-webfont.woff2?v=4.6.3 HTTP/1.1[0m" 200 -
INFO _internal.py: 113 127.0.0.1 - - [20/Nov/2020 20:32:50] "[33mGET /api/v1.0/image_codes/a9f1fe88-e02e-4532-8a5d-57b24d1fa869 HTTP/1.1[0m" 404 -
INFO _internal.py: 113 127.0.0.1 - - [20/Nov/2020 20:32:50] "[37mGET /static/plugins/bootstrap/css/bootstrap.min.css.map HTTP/1.1[0m" 200 -
INFO _internal.py: 113  * Running on http://127.0.0.1:5000/ (Press CTRL+C to quit)
INFO _internal.py: 113 127.0.0.1 - - [20/Nov/2020 20:36:38] "[37mGET /register.html HTTP/1.1[0m" 200 -
INFO _internal.py: 113 127.0.0.1 - - [20/Nov/2020 20:36:38] "[37mGET /static/plugins/bootstrap/css/bootstrap.min.css HTTP/1.1[0m" 200 -
INFO _internal.py: 113 127.0.0.1 - - [20/Nov/2020 20:36:38] "[37mGET /static/plugins/font-awesome/css/font-awesome.min.css HTTP/1.1[0m" 200 -
INFO _internal.py: 113 127.0.0.1 - - [20/Nov/2020 20:36:38] "[37mGET /static/css/ihome/main.css HTTP/1.1[0m" 200 -
INFO _internal.py: 113 127.0.0.1 - - [20/Nov/2020 20:36:38] "[37mGET /static/css/reset.css HTTP/1.1[0m" 200 -
INFO _internal.py: 113 127.0.0.1 - - [20/Nov/2020 20:36:38] "[37mGET /static/css/ihome/register.css HTTP/1.1[0m" 200 -
INFO _internal.py: 113 127.0.0.1 - - [20/Nov/2020 20:36:38] "[37mGET /static/js/jquery.min.js HTTP/1.1[0m" 200 -
INFO _internal.py: 113 127.0.0.1 - - [20/Nov/2020 20:36:38] "[37mGET /static/plugins/bootstrap/js/bootstrap.min.js HTTP/1.1[0m" 200 -
INFO _internal.py: 113 127.0.0.1 - - [20/Nov/2020 20:36:38] "[37mGET /static/js/ihome/register.js HTTP/1.1[0m" 200 -
INFO _internal.py: 113 127.0.0.1 - - [20/Nov/2020 20:36:38] "[37mGET /static/images/logo@128x59.png HTTP/1.1[0m" 200 -
INFO _internal.py: 113 127.0.0.1 - - [20/Nov/2020 20:36:38] "[37mGET /static/plugins/font-awesome/fonts/fontawesome-webfont.woff2?v=4.6.3 HTTP/1.1[0m" 200 -
INFO _internal.py: 113 127.0.0.1 - - [20/Nov/2020 20:36:38] "[33mGET /api/v1.0/image_codes/a9f1fe88-e02e-4532-8a5d-57b24d1fa869 HTTP/1.1[0m" 404 -
INFO _internal.py: 113 127.0.0.1 - - [20/Nov/2020 20:36:38] "[33mGET /api/v1.0/image_codes/9b4f406d-2ae9-47ac-8ea7-d8fa207e1a0e HTTP/1.1[0m" 404 -
INFO _internal.py: 113 127.0.0.1 - - [20/Nov/2020 20:36:38] "[37mGET /static/plugins/bootstrap/css/bootstrap.min.css.map HTTP/1.1[0m" 200 -
INFO _internal.py: 113  * Running on http://127.0.0.1:5000/ (Press CTRL+C to quit)
INFO _internal.py: 113 127.0.0.1 - - [20/Nov/2020 20:36:57] "[37mGET /register.html HTTP/1.1[0m" 200 -
INFO _internal.py: 113 127.0.0.1 - - [20/Nov/2020 20:36:57] "[37mGET /static/plugins/bootstrap/css/bootstrap.min.css HTTP/1.1[0m" 200 -
INFO _internal.py: 113 127.0.0.1 - - [20/Nov/2020 20:36:57] "[37mGET /static/css/reset.css HTTP/1.1[0m" 200 -
INFO _internal.py: 113 127.0.0.1 - - [20/Nov/2020 20:36:57] "[37mGET /static/plugins/font-awesome/css/font-awesome.min.css HTTP/1.1[0m" 200 -
INFO _internal.py: 113 127.0.0.1 - - [20/Nov/2020 20:36:57] "[37mGET /static/css/ihome/main.css HTTP/1.1[0m" 200 -
INFO _internal.py: 113 127.0.0.1 - - [20/Nov/2020 20:36:57] "[37mGET /static/css/ihome/register.css HTTP/1.1[0m" 200 -
INFO _internal.py: 113 127.0.0.1 - - [20/Nov/2020 20:36:57] "[37mGET /static/js/jquery.min.js HTTP/1.1[0m" 200 -
INFO _internal.py: 113 127.0.0.1 - - [20/Nov/2020 20:36:57] "[33mGET /api/v1.0/image_codes/9b4f406d-2ae9-47ac-8ea7-d8fa207e1a0e HTTP/1.1[0m" 404 -
INFO _internal.py: 113 127.0.0.1 - - [20/Nov/2020 20:36:57] "[37mGET /static/plugins/bootstrap/js/bootstrap.min.js HTTP/1.1[0m" 200 -
INFO _internal.py: 113 127.0.0.1 - - [20/Nov/2020 20:36:57] "[37mGET /static/images/logo@128x59.png HTTP/1.1[0m" 200 -
INFO _internal.py: 113 127.0.0.1 - - [20/Nov/2020 20:36:57] "[37mGET /static/js/ihome/register.js HTTP/1.1[0m" 200 -
INFO _internal.py: 113 127.0.0.1 - - [20/Nov/2020 20:36:57] "[37mGET /static/plugins/font-awesome/fonts/fontawesome-webfont.woff2?v=4.6.3 HTTP/1.1[0m" 200 -
INFO _internal.py: 113 127.0.0.1 - - [20/Nov/2020 20:36:57] "[33mGET /api/v1.0/image_codes/2a8221cf-b562-404f-83f3-581574f8fa78 HTTP/1.1[0m" 404 -
INFO _internal.py: 113 127.0.0.1 - - [20/Nov/2020 20:36:57] "[37mGET /static/plugins/bootstrap/css/bootstrap.min.css.map HTTP/1.1[0m" 200 -
INFO _internal.py: 113 127.0.0.1 - - [20/Nov/2020 20:39:34] "[33mGET /api/v1.0/image_codes/31b846be-61ce-4068-b7e4-5bd9c5145a0f HTTP/1.1[0m" 404 -
INFO _internal.py: 113 127.0.0.1 - - [20/Nov/2020 20:39:37] "[33mGET /api/v1.0/image_codes/cdcf8403-7a74-42a3-9fab-ba59000cde39 HTTP/1.1[0m" 404 -
INFO _internal.py: 113 127.0.0.1 - - [20/Nov/2020 20:40:05] "[33mGET /api/v1.0/sms_codes/18175960207?image_code=xxxx&image_code_id=cdcf8403-7a74-42a3-9fab-ba59000cde39 HTTP/1.1[0m" 404 -
INFO _internal.py: 113 127.0.0.1 - - [20/Nov/2020 21:31:13] "[33mGET /api/v1.0/image_codes/a9f1fe88-e02e-4532-8a5d-57b24d1fa869 HTTP/1.1[0m" 404 -
INFO _internal.py: 113 127.0.0.1 - - [20/Nov/2020 21:31:14] "[37mGET /static/images/houseicon_sprite.png HTTP/1.1[0m" 200 -
INFO _internal.py: 113 127.0.0.1 - - [20/Nov/2020 21:31:14] "[37mGET /static/images/landlord01.jpg HTTP/1.1[0m" 200 -
INFO _internal.py: 113  * Running on http://127.0.0.1:5000/ (Press CTRL+C to quit)
INFO _internal.py: 113 127.0.0.1 - - [20/Nov/2020 21:33:18] "[33mGET /api/v1.0/image_codes/123 HTTP/1.1[0m" 404 -
INFO _internal.py: 113 127.0.0.1 - - [20/Nov/2020 21:33:26] "[33mGET /api/v1.0/image_codes/123 HTTP/1.1[0m" 404 -
INFO _internal.py: 113 127.0.0.1 - - [20/Nov/2020 21:33:31] "[33mGET /api/v1.0/image_codes/xxxx HTTP/1.1[0m" 404 -
INFO _internal.py: 113  * Running on http://127.0.0.1:5000/ (Press CTRL+C to quit)
INFO _internal.py: 113 127.0.0.1 - - [20/Nov/2020 21:35:02] "[37mGET /api/v1.0/image_codes/xxxx HTTP/1.1[0m" 200 -
INFO _internal.py: 113 127.0.0.1 - - [20/Nov/2020 21:35:04] "[37mGET /api/v1.0/image_codes/xxxx HTTP/1.1[0m" 200 -
INFO _internal.py: 113 127.0.0.1 - - [20/Nov/2020 21:35:05] "[37mGET /api/v1.0/image_codes/xxxx HTTP/1.1[0m" 200 -
INFO _internal.py: 113 127.0.0.1 - - [20/Nov/2020 21:35:05] "[37mGET /api/v1.0/image_codes/xxxx HTTP/1.1[0m" 200 -
INFO _internal.py: 113 127.0.0.1 - - [20/Nov/2020 21:35:05] "[37mGET /api/v1.0/image_codes/xxxx HTTP/1.1[0m" 200 -
INFO _internal.py: 113 127.0.0.1 - - [20/Nov/2020 21:35:05] "[37mGET /api/v1.0/image_codes/xxxx HTTP/1.1[0m" 200 -
INFO _internal.py: 113 127.0.0.1 - - [20/Nov/2020 21:35:06] "[37mGET /api/v1.0/image_codes/xxxx HTTP/1.1[0m" 200 -
INFO _internal.py: 113 127.0.0.1 - - [20/Nov/2020 21:35:06] "[37mGET /api/v1.0/image_codes/xxxx HTTP/1.1[0m" 200 -
INFO _internal.py: 113 127.0.0.1 - - [20/Nov/2020 21:35:20] "[37mGET /api/v1.0/image_codes/xxxx HTTP/1.1[0m" 200 -
INFO _internal.py: 113 127.0.0.1 - - [20/Nov/2020 21:37:00] "[37mGET /api/v1.0/image_codes/xxxx HTTP/1.1[0m" 200 -
INFO _internal.py: 113 127.0.0.1 - - [20/Nov/2020 21:43:29] "[37mGET /register.html HTTP/1.1[0m" 200 -
INFO _internal.py: 113 127.0.0.1 - - [20/Nov/2020 21:43:29] "[37mGET /static/plugins/bootstrap/css/bootstrap.min.css HTTP/1.1[0m" 200 -
INFO _internal.py: 113 127.0.0.1 - - [20/Nov/2020 21:43:29] "[37mGET /static/plugins/font-awesome/css/font-awesome.min.css HTTP/1.1[0m" 200 -
INFO _internal.py: 113 127.0.0.1 - - [20/Nov/2020 21:43:29] "[37mGET /static/css/reset.css HTTP/1.1[0m" 200 -
INFO _internal.py: 113 127.0.0.1 - - [20/Nov/2020 21:43:29] "[37mGET /static/css/ihome/main.css HTTP/1.1[0m" 200 -
INFO _internal.py: 113 127.0.0.1 - - [20/Nov/2020 21:43:29] "[37mGET /static/css/ihome/register.css HTTP/1.1[0m" 200 -
INFO _internal.py: 113 127.0.0.1 - - [20/Nov/2020 21:43:29] "[37mGET /static/js/jquery.min.js HTTP/1.1[0m" 200 -
INFO _internal.py: 113 127.0.0.1 - - [20/Nov/2020 21:43:29] "[37mGET /static/images/logo@128x59.png HTTP/1.1[0m" 200 -
INFO _internal.py: 113 127.0.0.1 - - [20/Nov/2020 21:43:29] "[37mGET /static/plugins/bootstrap/js/bootstrap.min.js HTTP/1.1[0m" 200 -
INFO _internal.py: 113 127.0.0.1 - - [20/Nov/2020 21:43:29] "[37mGET /static/js/ihome/register.js HTTP/1.1[0m" 200 -
INFO _internal.py: 113 127.0.0.1 - - [20/Nov/2020 21:43:29] "[37mGET /static/plugins/font-awesome/fonts/fontawesome-webfont.woff2?v=4.6.3 HTTP/1.1[0m" 200 -
INFO _internal.py: 113 127.0.0.1 - - [20/Nov/2020 21:43:29] "[37mGET /api/v1.0/image_codes/653befb6-4854-4b36-aab1-f9dd4173d82d HTTP/1.1[0m" 200 -
INFO _internal.py: 113 127.0.0.1 - - [20/Nov/2020 21:43:30] "[37mGET /static/plugins/bootstrap/css/bootstrap.min.css.map HTTP/1.1[0m" 200 -
INFO _internal.py: 113 127.0.0.1 - - [20/Nov/2020 21:43:31] "[37mGET /api/v1.0/image_codes/dea3d19b-eec7-4539-86ab-bab434a75c4f HTTP/1.1[0m" 200 -
INFO _internal.py: 113 127.0.0.1 - - [20/Nov/2020 21:43:34] "[37mGET /api/v1.0/image_codes/73931e90-8c44-4f9a-86d1-68eefe37fbe8 HTTP/1.1[0m" 200 -
INFO _internal.py: 113 127.0.0.1 - - [20/Nov/2020 21:43:35] "[37mGET /api/v1.0/image_codes/a56e8e8b-d1ad-4989-ac03-8fbcbf8b853a HTTP/1.1[0m" 200 -
INFO _internal.py: 113 127.0.0.1 - - [20/Nov/2020 21:43:35] "[37mGET /api/v1.0/image_codes/9f0be20d-9465-4903-8096-551ce4a0d646 HTTP/1.1[0m" 200 -
INFO _internal.py: 113 127.0.0.1 - - [20/Nov/2020 21:43:36] "[37mGET /api/v1.0/image_codes/f3830d2c-3316-437d-8fee-ad5615b9f48b HTTP/1.1[0m" 200 -
INFO _internal.py: 113 127.0.0.1 - - [20/Nov/2020 21:43:39] "[37mGET /api/v1.0/image_codes/a436a7b2-ae51-4f51-97f8-28bc114a8fe3 HTTP/1.1[0m" 200 -
INFO _internal.py: 113 127.0.0.1 - - [20/Nov/2020 21:43:50] "[37mGET /api/v1.0/image_codes/1fac01de-cbae-4f8b-8e73-dfe662902f56 HTTP/1.1[0m" 200 -
INFO _internal.py: 113 127.0.0.1 - - [20/Nov/2020 21:46:55] "[37mGET /register.html HTTP/1.1[0m" 200 -
INFO _internal.py: 113 127.0.0.1 - - [20/Nov/2020 21:46:55] "[37mGET /static/plugins/bootstrap/css/bootstrap.min.css HTTP/1.1[0m" 200 -
INFO _internal.py: 113 127.0.0.1 - - [20/Nov/2020 21:46:55] "[37mGET /static/css/ihome/main.css HTTP/1.1[0m" 200 -
INFO _internal.py: 113 127.0.0.1 - - [20/Nov/2020 21:46:55] "[37mGET /static/plugins/font-awesome/css/font-awesome.min.css HTTP/1.1[0m" 200 -
INFO _internal.py: 113 127.0.0.1 - - [20/Nov/2020 21:46:55] "[37mGET /static/css/reset.css HTTP/1.1[0m" 200 -
INFO _internal.py: 113 127.0.0.1 - - [20/Nov/2020 21:46:55] "[37mGET /static/js/jquery.min.js HTTP/1.1[0m" 200 -
INFO _internal.py: 113 127.0.0.1 - - [20/Nov/2020 21:46:55] "[37mGET /static/css/ihome/register.css HTTP/1.1[0m" 200 -
INFO _internal.py: 113 127.0.0.1 - - [20/Nov/2020 21:46:55] "[37mGET /static/plugins/bootstrap/js/bootstrap.min.js HTTP/1.1[0m" 200 -
INFO _internal.py: 113 127.0.0.1 - - [20/Nov/2020 21:46:55] "[37mGET /static/js/ihome/register.js HTTP/1.1[0m" 200 -
INFO _internal.py: 113 127.0.0.1 - - [20/Nov/2020 21:46:55] "[37mGET /static/images/logo@128x59.png HTTP/1.1[0m" 200 -
INFO _internal.py: 113 127.0.0.1 - - [20/Nov/2020 21:46:55] "[37mGET /static/plugins/font-awesome/fonts/fontawesome-webfont.woff2?v=4.6.3 HTTP/1.1[0m" 200 -
INFO _internal.py: 113 127.0.0.1 - - [20/Nov/2020 21:46:55] "[37mGET /api/v1.0/image_codes/2fcf55db-6e98-474c-a45a-f82b309d9e16 HTTP/1.1[0m" 200 -
INFO _internal.py: 113 127.0.0.1 - - [20/Nov/2020 21:46:55] "[37mGET /static/plugins/bootstrap/css/bootstrap.min.css.map HTTP/1.1[0m" 200 -
INFO _internal.py: 113 127.0.0.1 - - [20/Nov/2020 21:47:26] "[37mGET /api/v1.0/image_codes/ee0975f8-b241-4c80-8b3d-57b3d08b3ec7 HTTP/1.1[0m" 200 -
